{"numFailedTestSuites":0,"numFailedTests":0,"numPassedTestSuites":37,"numPassedTests":129,"numPendingTestSuites":0,"numPendingTests":0,"numRuntimeErrorTestSuites":0,"numTodoTests":0,"numTotalTestSuites":37,"numTotalTests":129,"openHandles":[],"snapshot":{"added":0,"didUpdate":false,"failure":false,"filesAdded":0,"filesRemoved":0,"filesRemovedList":[],"filesUnmatched":0,"filesUpdated":0,"matched":14,"total":14,"unchecked":0,"uncheckedKeysByFile":[],"unmatched":0,"updated":0},"startTime":1607212816591,"success":true,"testResults":[{"assertionResults":[{"ancestorTitles":["<GameCard />"],"failureMessages":[],"fullName":"<GameCard /> should render the game card succefully","location":null,"status":"passed","title":"should render the game card succefully"},{"ancestorTitles":["<GameCard />"],"failureMessages":[],"fullName":"<GameCard /> should render default price","location":null,"status":"passed","title":"should render default price"},{"ancestorTitles":["<GameCard />"],"failureMessages":[],"fullName":"<GameCard /> should render a line-through price when promotional","location":null,"status":"passed","title":"should render a line-through price when promotional"},{"ancestorTitles":["<GameCard />"],"failureMessages":[],"fullName":"<GameCard /> should render a filled favorite icon when favorite is true","location":null,"status":"passed","title":"should render a filled favorite icon when favorite is true"},{"ancestorTitles":["<GameCard />"],"failureMessages":[],"fullName":"<GameCard /> should call onFavorite methor when favorite icon is clicked","location":null,"status":"passed","title":"should call onFavorite methor when favorite icon is clicked"},{"ancestorTitles":["<GameCard />"],"failureMessages":[],"fullName":"<GameCard /> should render a ribbon","location":null,"status":"passed","title":"should render a ribbon"}],"endTime":1607212825053,"message":"","name":"/home/coderamos/GITHUB/YELLOW/ylw-games/src/components/GameCard/test.tsx","startTime":1607212819050,"status":"passed","summary":""},{"assertionResults":[{"ancestorTitles":["<Gallery />"],"failureMessages":[],"fullName":"<Gallery /> should render thumbnails as buttons","location":null,"status":"passed","title":"should render thumbnails as buttons"},{"ancestorTitles":["<Gallery />"],"failureMessages":[],"fullName":"<Gallery /> should render open modal","location":null,"status":"passed","title":"should render open modal"},{"ancestorTitles":["<Gallery />"],"failureMessages":[],"fullName":"<Gallery /> should handle close modal when overlay or close button clicked","location":null,"status":"passed","title":"should handle close modal when overlay or close button clicked"},{"ancestorTitles":["<Gallery />"],"failureMessages":[],"fullName":"<Gallery /> should handle close modal when on ESC key is pressed","location":null,"status":"passed","title":"should handle close modal when on ESC key is pressed"},{"ancestorTitles":["<Gallery />"],"failureMessages":[],"fullName":"<Gallery /> should open modal with selected image","location":null,"status":"passed","title":"should open modal with selected image"}],"endTime":1607212825063,"message":"","name":"/home/coderamos/GITHUB/YELLOW/ylw-games/src/components/Gallery/test.tsx","startTime":1607212818955,"status":"passed","summary":""},{"assertionResults":[{"ancestorTitles":["<Wishlist />"],"failureMessages":[],"fullName":"<Wishlist /> should render wishlist correctly","location":null,"status":"passed","title":"should render wishlist correctly"},{"ancestorTitles":["<Wishlist />"],"failureMessages":[],"fullName":"<Wishlist /> should render empty when there are no games","location":null,"status":"passed","title":"should render empty when there are no games"}],"endTime":1607212825607,"message":"","name":"/home/coderamos/GITHUB/YELLOW/ylw-games/src/templates/Wishlist/test.tsx","startTime":1607212818700,"status":"passed","summary":""},{"assertionResults":[{"ancestorTitles":["<GameDetails />"],"failureMessages":[],"fullName":"<GameDetails /> should render the information blocks","location":null,"status":"passed","title":"should render the information blocks"},{"ancestorTitles":["<GameDetails />"],"failureMessages":[],"fullName":"<GameDetails /> should render platform icons","location":null,"status":"passed","title":"should render platform icons"},{"ancestorTitles":["<GameDetails />"],"failureMessages":[],"fullName":"<GameDetails /> should render formatted date","location":null,"status":"passed","title":"should render formatted date"},{"ancestorTitles":["<GameDetails />"],"failureMessages":[],"fullName":"<GameDetails /> should render the developer","location":null,"status":"passed","title":"should render the developer"},{"ancestorTitles":["<GameDetails />"],"failureMessages":[],"fullName":"<GameDetails /> should render the publisher","location":null,"status":"passed","title":"should render the publisher"},{"ancestorTitles":["<GameDetails />"],"failureMessages":[],"fullName":"<GameDetails /> should render free rating when BR0","location":null,"status":"passed","title":"should render free rating when BR0"},{"ancestorTitles":["<GameDetails />"],"failureMessages":[],"fullName":"<GameDetails /> should render 18+ rating when BR18","location":null,"status":"passed","title":"should render 18+ rating when BR18"},{"ancestorTitles":["<GameDetails />"],"failureMessages":[],"fullName":"<GameDetails /> should render a list of genres","location":null,"status":"passed","title":"should render a list of genres"}],"endTime":1607212826192,"message":"","name":"/home/coderamos/GITHUB/YELLOW/ylw-games/src/components/GameDetails/test.tsx","startTime":1607212818707,"status":"passed","summary":""},{"assertionResults":[{"ancestorTitles":["<GameCardSlider />"],"failureMessages":[],"fullName":"<GameCardSlider /> should render four active items","location":null,"status":"passed","title":"should render four active items"},{"ancestorTitles":["<GameCardSlider />"],"failureMessages":[],"fullName":"<GameCardSlider /> should render white arrows based on prop color","location":null,"status":"passed","title":"should render white arrows based on prop color"}],"endTime":1607212826517,"message":"","name":"/home/coderamos/GITHUB/YELLOW/ylw-games/src/components/GameCardSlider/test.tsx","startTime":1607212825128,"status":"passed","summary":""},{"assertionResults":[{"ancestorTitles":["<FormSignUp />"],"failureMessages":[],"fullName":"<FormSignUp /> should render the form","location":null,"status":"passed","title":"should render the form"},{"ancestorTitles":["<FormSignUp />"],"failureMessages":[],"fullName":"<FormSignUp /> should render text and link to sign in","location":null,"status":"passed","title":"should render text and link to sign in"}],"endTime":1607212827091,"message":"","name":"/home/coderamos/GITHUB/YELLOW/ylw-games/src/components/FormSignUp/test.tsx","startTime":1607212825693,"status":"passed","summary":""},{"assertionResults":[{"ancestorTitles":["<Showcase />"],"failureMessages":[],"fullName":"<Showcase /> should render complete showcase","location":null,"status":"passed","title":"should render complete showcase"},{"ancestorTitles":["<Showcase />"],"failureMessages":[],"fullName":"<Showcase /> should render without title","location":null,"status":"passed","title":"should render without title"},{"ancestorTitles":["<Showcase />"],"failureMessages":[],"fullName":"<Showcase /> should render without highlight","location":null,"status":"passed","title":"should render without highlight"},{"ancestorTitles":["<Showcase />"],"failureMessages":[],"fullName":"<Showcase /> should render without games card slider","location":null,"status":"passed","title":"should render without games card slider"}],"endTime":1607212827400,"message":"","name":"/home/coderamos/GITHUB/YELLOW/ylw-games/src/components/Showcase/test.tsx","startTime":1607212818718,"status":"passed","summary":""},{"assertionResults":[{"ancestorTitles":["<GameInfo />"],"failureMessages":[],"fullName":"<GameInfo /> should render game info","location":null,"status":"passed","title":"should render game info"},{"ancestorTitles":["<GameInfo />"],"failureMessages":[],"fullName":"<GameInfo /> should render buttons","location":null,"status":"passed","title":"should render buttons"}],"endTime":1607212827839,"message":"","name":"/home/coderamos/GITHUB/YELLOW/ylw-games/src/components/GameInfo/test.tsx","startTime":1607212825154,"status":"passed","summary":""},{"assertionResults":[{"ancestorTitles":["<Game />"],"failureMessages":[],"fullName":"<Game /> should render the template with components","location":null,"status":"passed","title":"should render the template with components"},{"ancestorTitles":["<Game />"],"failureMessages":[],"fullName":"<Game /> should not render the gallery if no images","location":null,"status":"passed","title":"should not render the gallery if no images"},{"ancestorTitles":["<Game />"],"failureMessages":[],"fullName":"<Game /> should render the cover image","location":null,"status":"passed","title":"should render the cover image"}],"endTime":1607212828027,"message":"","name":"/home/coderamos/GITHUB/YELLOW/ylw-games/src/templates/Game/test.tsx","startTime":1607212826565,"status":"passed","summary":""},{"assertionResults":[{"ancestorTitles":["<TextField />"],"failureMessages":[],"fullName":"<TextField /> should render with label","location":null,"status":"passed","title":"should render with label"},{"ancestorTitles":["<TextField />"],"failureMessages":[],"fullName":"<TextField /> should render without Label","location":null,"status":"passed","title":"should render without Label"},{"ancestorTitles":["<TextField />"],"failureMessages":[],"fullName":"<TextField /> should render with placeholder","location":null,"status":"passed","title":"should render with placeholder"},{"ancestorTitles":["<TextField />"],"failureMessages":[],"fullName":"<TextField /> should change value when typing","location":null,"status":"passed","title":"should change value when typing"},{"ancestorTitles":["<TextField />"],"failureMessages":[],"fullName":"<TextField /> should accessible by tab key","location":null,"status":"passed","title":"should accessible by tab key"},{"ancestorTitles":["<TextField />"],"failureMessages":[],"fullName":"<TextField /> should renders with Icon","location":null,"status":"passed","title":"should renders with Icon"},{"ancestorTitles":["<TextField />"],"failureMessages":[],"fullName":"<TextField /> shoud renders with Icon on the right side","location":null,"status":"passed","title":"shoud renders with Icon on the right side"},{"ancestorTitles":["<TextField />"],"failureMessages":[],"fullName":"<TextField /> shoul not change values when disabled","location":null,"status":"passed","title":"shoul not change values when disabled"},{"ancestorTitles":["<TextField />"],"failureMessages":[],"fullName":"<TextField /> should render with error","location":null,"status":"passed","title":"should render with error"}],"endTime":1607212828779,"message":"","name":"/home/coderamos/GITHUB/YELLOW/ylw-games/src/components/TextField/test.tsx","startTime":1607212818638,"status":"passed","summary":""},{"assertionResults":[{"ancestorTitles":["<BannerSlider />"],"failureMessages":[],"fullName":"<BannerSlider /> should render vertical slider","location":null,"status":"passed","title":"should render vertical slider"},{"ancestorTitles":["<BannerSlider />"],"failureMessages":[],"fullName":"<BannerSlider /> should render with 1 active item","location":null,"status":"passed","title":"should render with 1 active item"},{"ancestorTitles":["<BannerSlider />"],"failureMessages":[],"fullName":"<BannerSlider /> should render with dots","location":null,"status":"passed","title":"should render with dots"}],"endTime":1607212828992,"message":"","name":"/home/coderamos/GITHUB/YELLOW/ylw-games/src/components/BannerSlider/test.tsx","startTime":1607212827126,"status":"passed","summary":""},{"assertionResults":[{"ancestorTitles":["<FormSignIn />"],"failureMessages":[],"fullName":"<FormSignIn /> should render the form","location":null,"status":"passed","title":"should render the form"},{"ancestorTitles":["<FormSignIn />"],"failureMessages":[],"fullName":"<FormSignIn /> should render the forgot password link","location":null,"status":"passed","title":"should render the forgot password link"},{"ancestorTitles":["<FormSignIn />"],"failureMessages":[],"fullName":"<FormSignIn /> should render text to sign up if already have an account","location":null,"status":"passed","title":"should render text to sign up if already have an account"}],"endTime":1607212829103,"message":"","name":"/home/coderamos/GITHUB/YELLOW/ylw-games/src/components/FormSignIn/test.tsx","startTime":1607212826245,"status":"passed","summary":""},{"assertionResults":[{"ancestorTitles":["<Button />"],"failureMessages":[],"fullName":"<Button /> should render the medium size button by default","location":null,"status":"passed","title":"should render the medium size button by default"},{"ancestorTitles":["<Button />"],"failureMessages":[],"fullName":"<Button /> should render the small size button","location":null,"status":"passed","title":"should render the small size button"},{"ancestorTitles":["<Button />"],"failureMessages":[],"fullName":"<Button /> should render the large size button","location":null,"status":"passed","title":"should render the large size button"},{"ancestorTitles":["<Button />"],"failureMessages":[],"fullName":"<Button /> should render the primary color style","location":null,"status":"passed","title":"should render the primary color style"},{"ancestorTitles":["<Button />"],"failureMessages":[],"fullName":"<Button /> should render the secondary color style","location":null,"status":"passed","title":"should render the secondary color style"},{"ancestorTitles":["<Button />"],"failureMessages":[],"fullName":"<Button /> should render the alternative color style","location":null,"status":"passed","title":"should render the alternative color style"},{"ancestorTitles":["<Button />"],"failureMessages":[],"fullName":"<Button /> should render full width button","location":null,"status":"passed","title":"should render full width button"},{"ancestorTitles":["<Button />"],"failureMessages":[],"fullName":"<Button /> should render button with icon based in prop","location":null,"status":"passed","title":"should render button with icon based in prop"},{"ancestorTitles":["<Button />"],"failureMessages":[],"fullName":"<Button /> should render a minimal version based in prop","location":null,"status":"passed","title":"should render a minimal version based in prop"},{"ancestorTitles":["<Button />"],"failureMessages":[],"fullName":"<Button /> should render a minimal version with a secondary color style based in prop","location":null,"status":"passed","title":"should render a minimal version with a secondary color style based in prop"},{"ancestorTitles":["<Button />"],"failureMessages":[],"fullName":"<Button /> should render a minimal version with a alternative color style based in prop","location":null,"status":"passed","title":"should render a minimal version with a alternative color style based in prop"},{"ancestorTitles":["<Button />"],"failureMessages":[],"fullName":"<Button /> should render a disabled button","location":null,"status":"passed","title":"should render a disabled button"},{"ancestorTitles":["<Button />"],"failureMessages":[],"fullName":"<Button /> should render Button as a link","location":null,"status":"passed","title":"should render Button as a link"}],"endTime":1607212829289,"message":"","name":"/home/coderamos/GITHUB/YELLOW/ylw-games/src/components/Button/test.tsx","startTime":1607212827463,"status":"passed","summary":""},{"assertionResults":[{"ancestorTitles":["<Auth />"],"failureMessages":[],"fullName":"<Auth /> should render all content in children","location":null,"status":"passed","title":"should render all content in children"}],"endTime":1607212829374,"message":"","name":"/home/coderamos/GITHUB/YELLOW/ylw-games/src/templates/Auth/test.tsx","startTime":1607212828069,"status":"passed","summary":""},{"assertionResults":[{"ancestorTitles":["<Menu />"],"failureMessages":[],"fullName":"<Menu /> should render main menu","location":null,"status":"passed","title":"should render main menu"},{"ancestorTitles":["<Menu />"],"failureMessages":[],"fullName":"<Menu /> should render open / close menu","location":null,"status":"passed","title":"should render open / close menu"},{"ancestorTitles":["<Menu />"],"failureMessages":[],"fullName":"<Menu /> should show sign in and create account buttons when logged out","location":null,"status":"passed","title":"should show sign in and create account buttons when logged out"},{"ancestorTitles":["<Menu />"],"failureMessages":[],"fullName":"<Menu /> should show \"my account\" and \"wishlist\" buttons when logged in","location":null,"status":"passed","title":"should show \"my account\" and \"wishlist\" buttons when logged in"}],"endTime":1607212829699,"message":"","name":"/home/coderamos/GITHUB/YELLOW/ylw-games/src/components/Menu/test.tsx","startTime":1607212827886,"status":"passed","summary":""},{"assertionResults":[{"ancestorTitles":["<PaymentOptions />"],"failureMessages":[],"fullName":"<PaymentOptions /> should render the heading","location":null,"status":"passed","title":"should render the heading"},{"ancestorTitles":["<PaymentOptions />"],"failureMessages":[],"fullName":"<PaymentOptions /> should handle select card when clicking on de label","location":null,"status":"passed","title":"should handle select card when clicking on de label"},{"ancestorTitles":["<PaymentOptions />"],"failureMessages":[],"fullName":"<PaymentOptions /> should not call handlePayment when button is disabled","location":null,"status":"passed","title":"should not call handlePayment when button is disabled"},{"ancestorTitles":["<PaymentOptions />"],"failureMessages":[],"fullName":"<PaymentOptions /> should call handlePayment when payment card is selected","location":null,"status":"passed","title":"should call handlePayment when payment card is selected"}],"endTime":1607212829745,"message":"","name":"/home/coderamos/GITHUB/YELLOW/ylw-games/src/components/PaymentOptions/test.tsx","startTime":1607212819074,"status":"passed","summary":""},{"assertionResults":[{"ancestorTitles":["<Slider />"],"failureMessages":[],"fullName":"<Slider /> should render children as slider","location":null,"status":"passed","title":"should render children as slider"}],"endTime":1607212829931,"message":"","name":"/home/coderamos/GITHUB/YELLOW/ylw-games/src/components/Slider/test.tsx","startTime":1607212829143,"status":"passed","summary":""},{"assertionResults":[{"ancestorTitles":["<Highlight />"],"failureMessages":[],"fullName":"<Highlight /> should render headings and button","location":null,"status":"passed","title":"should render headings and button"},{"ancestorTitles":["<Highlight />"],"failureMessages":[],"fullName":"<Highlight /> should render background image","location":null,"status":"passed","title":"should render background image"},{"ancestorTitles":["<Highlight />"],"failureMessages":[],"fullName":"<Highlight /> should render float image","location":null,"status":"passed","title":"should render float image"},{"ancestorTitles":["<Highlight />"],"failureMessages":[],"fullName":"<Highlight /> should render align right by default","location":null,"status":"passed","title":"should render align right by default"},{"ancestorTitles":["<Highlight />"],"failureMessages":[],"fullName":"<Highlight /> should render content align left based on prop","location":null,"status":"passed","title":"should render content align left based on prop"}],"endTime":1607212830045,"message":"","name":"/home/coderamos/GITHUB/YELLOW/ylw-games/src/components/Highlight/test.tsx","startTime":1607212829033,"status":"passed","summary":""},{"assertionResults":[{"ancestorTitles":["<MediaMatch />"],"failureMessages":[],"fullName":"<MediaMatch /> should be hidden of no media query is passed","location":null,"status":"passed","title":"should be hidden of no media query is passed"},{"ancestorTitles":["<MediaMatch />"],"failureMessages":[],"fullName":"<MediaMatch /> should show or hide based on media props","location":null,"status":"passed","title":"should show or hide based on media props"}],"endTime":1607212830104,"message":"","name":"/home/coderamos/GITHUB/YELLOW/ylw-games/src/components/MediaMatch/test.tsx","startTime":1607212829433,"status":"passed","summary":""},{"assertionResults":[{"ancestorTitles":["<Footer />"],"failureMessages":[],"fullName":"<Footer /> should render 4 column topics","location":null,"status":"passed","title":"should render 4 column topics"}],"endTime":1607212830209,"message":"","name":"/home/coderamos/GITHUB/YELLOW/ylw-games/src/components/Footer/test.tsx","startTime":1607212828865,"status":"passed","summary":""},{"assertionResults":[{"ancestorTitles":["<GameItem />"],"failureMessages":[],"fullName":"<GameItem /> should render the game item","location":null,"status":"passed","title":"should render the game item"},{"ancestorTitles":["<GameItem />"],"failureMessages":[],"fullName":"<GameItem /> should render the item with download link","location":null,"status":"passed","title":"should render the item with download link"},{"ancestorTitles":["<GameItem />"],"failureMessages":[],"fullName":"<GameItem /> should render the item with payment info","location":null,"status":"passed","title":"should render the item with payment info"}],"endTime":1607212830466,"message":"","name":"/home/coderamos/GITHUB/YELLOW/ylw-games/src/components/GameItem/test.tsx","startTime":1607212829333,"status":"passed","summary":""},{"assertionResults":[{"ancestorTitles":["<Checkbox />"],"failureMessages":[],"fullName":"<Checkbox /> should render with label","location":null,"status":"passed","title":"should render with label"},{"ancestorTitles":["<Checkbox />"],"failureMessages":[],"fullName":"<Checkbox /> should render without label","location":null,"status":"passed","title":"should render without label"},{"ancestorTitles":["<Checkbox />"],"failureMessages":[],"fullName":"<Checkbox /> should render with a dark label","location":null,"status":"passed","title":"should render with a dark label"},{"ancestorTitles":["<Checkbox />"],"failureMessages":[],"fullName":"<Checkbox /> should dispatch onCheck when label status is changed","location":null,"status":"passed","title":"should dispatch onCheck when label status is changed"},{"ancestorTitles":["<Checkbox />"],"failureMessages":[],"fullName":"<Checkbox /> should dispatch onCheck when label status is changed","location":null,"status":"passed","title":"should dispatch onCheck when label status is changed"},{"ancestorTitles":["<Checkbox />"],"failureMessages":[],"fullName":"<Checkbox /> should be accessible with tab","location":null,"status":"passed","title":"should be accessible with tab"}],"endTime":1607212830641,"message":"","name":"/home/coderamos/GITHUB/YELLOW/ylw-games/src/components/Checkbox/test.tsx","startTime":1607212829740,"status":"passed","summary":""},{"assertionResults":[{"ancestorTitles":["<Heading />"],"failureMessages":[],"fullName":"<Heading /> should render a white heading by default","location":null,"status":"passed","title":"should render a white heading by default"},{"ancestorTitles":["<Heading />"],"failureMessages":[],"fullName":"<Heading /> should render a white heading when color prop is passed","location":null,"status":"passed","title":"should render a white heading when color prop is passed"},{"ancestorTitles":["<Heading />"],"failureMessages":[],"fullName":"<Heading /> should render heading with a line to the left side when lineLeft prop is passed","location":null,"status":"passed","title":"should render heading with a line to the left side when lineLeft prop is passed"},{"ancestorTitles":["<Heading />"],"failureMessages":[],"fullName":"<Heading /> should render heading with a line at the bottom when lineBottom prop is passed","location":null,"status":"passed","title":"should render heading with a line at the bottom when lineBottom prop is passed"},{"ancestorTitles":["<Heading />"],"failureMessages":[],"fullName":"<Heading /> should render heading with a small size","location":null,"status":"passed","title":"should render heading with a small size"},{"ancestorTitles":["<Heading />"],"failureMessages":[],"fullName":"<Heading /> should render heading with a huge size","location":null,"status":"passed","title":"should render heading with a huge size"},{"ancestorTitles":["<Heading />"],"failureMessages":[],"fullName":"<Heading /> should render a Heading with a primary line color","location":null,"status":"passed","title":"should render a Heading with a primary line color"},{"ancestorTitles":["<Heading />"],"failureMessages":[],"fullName":"<Heading /> should render a Heading with a secondary line color","location":null,"status":"passed","title":"should render a Heading with a secondary line color"}],"endTime":1607212830764,"message":"","name":"/home/coderamos/GITHUB/YELLOW/ylw-games/src/components/Heading/test.tsx","startTime":1607212829791,"status":"passed","summary":""},{"assertionResults":[{"ancestorTitles":["<Banner />"],"failureMessages":[],"fullName":"<Banner /> should succefully render","location":null,"status":"passed","title":"should succefully render"},{"ancestorTitles":["<Banner />"],"failureMessages":[],"fullName":"<Banner /> should render a ribbon","location":null,"status":"passed","title":"should render a ribbon"}],"endTime":1607212830931,"message":"","name":"/home/coderamos/GITHUB/YELLOW/ylw-games/src/components/Banner/test.tsx","startTime":1607212830083,"status":"passed","summary":""},{"assertionResults":[{"ancestorTitles":["<TextContent />"],"failureMessages":[],"fullName":"<TextContent /> should render the title and content","location":null,"status":"passed","title":"should render the title and content"},{"ancestorTitles":["<TextContent />"],"failureMessages":[],"fullName":"<TextContent /> should render without title","location":null,"status":"passed","title":"should render without title"},{"ancestorTitles":["<TextContent />"],"failureMessages":[],"fullName":"<TextContent /> should render a white text color on mobile screens","location":null,"status":"passed","title":"should render a white text color on mobile screens"}],"endTime":1607212830960,"message":"","name":"/home/coderamos/GITHUB/YELLOW/ylw-games/src/components/TextContent/test.tsx","startTime":1607212829954,"status":"passed","summary":""},{"assertionResults":[{"ancestorTitles":["<Empty />"],"failureMessages":[],"fullName":"<Empty /> should render empty component correctly","location":null,"status":"passed","title":"should render empty component correctly"},{"ancestorTitles":["<Empty />"],"failureMessages":[],"fullName":"<Empty /> should not should render link when hasLink is false","location":null,"status":"passed","title":"should not should render link when hasLink is false"}],"endTime":1607212831074,"message":"","name":"/home/coderamos/GITHUB/YELLOW/ylw-games/src/components/Empty/test.tsx","startTime":1607212830242,"status":"passed","summary":""},{"assertionResults":[{"ancestorTitles":["<Home />"],"failureMessages":[],"fullName":"<Home /> should render banner and showcases","location":null,"status":"passed","title":"should render banner and showcases"}],"endTime":1607212831068,"message":"","name":"/home/coderamos/GITHUB/YELLOW/ylw-games/src/templates/Home/test.tsx","startTime":1607212830133,"status":"passed","summary":""},{"assertionResults":[{"ancestorTitles":["<Radio />"],"failureMessages":[],"fullName":"<Radio /> should render with a white label","location":null,"status":"passed","title":"should render with a white label"},{"ancestorTitles":["<Radio />"],"failureMessages":[],"fullName":"<Radio /> should render with a dark label","location":null,"status":"passed","title":"should render with a dark label"},{"ancestorTitles":["<Radio />"],"failureMessages":[],"fullName":"<Radio /> should render without label","location":null,"status":"passed","title":"should render without label"},{"ancestorTitles":["<Radio />"],"failureMessages":[],"fullName":"<Radio /> should dispatch onCheck when label status changes","location":null,"status":"passed","title":"should dispatch onCheck when label status changes"},{"ancestorTitles":["<Radio />"],"failureMessages":[],"fullName":"<Radio /> Should be accessible with tab","location":null,"status":"passed","title":"Should be accessible with tab"}],"endTime":1607212831243,"message":"","name":"/home/coderamos/GITHUB/YELLOW/ylw-games/src/components/Radio/test.tsx","startTime":1607212830496,"status":"passed","summary":""},{"assertionResults":[{"ancestorTitles":["<Ribbon />"],"failureMessages":[],"fullName":"<Ribbon /> should render the correctly text","location":null,"status":"passed","title":"should render the correctly text"},{"ancestorTitles":["<Ribbon />"],"failureMessages":[],"fullName":"<Ribbon /> should render the primary color by default","location":null,"status":"passed","title":"should render the primary color by default"},{"ancestorTitles":["<Ribbon />"],"failureMessages":[],"fullName":"<Ribbon /> should render the secondary color","location":null,"status":"passed","title":"should render the secondary color"},{"ancestorTitles":["<Ribbon />"],"failureMessages":[],"fullName":"<Ribbon /> should render the normal size by default","location":null,"status":"passed","title":"should render the normal size by default"},{"ancestorTitles":["<Ribbon />"],"failureMessages":[],"fullName":"<Ribbon /> should render the small size","location":null,"status":"passed","title":"should render the small size"}],"endTime":1607212831381,"message":"","name":"/home/coderamos/GITHUB/YELLOW/ylw-games/src/components/Ribbon/test.tsx","startTime":1607212830706,"status":"passed","summary":""},{"assertionResults":[{"ancestorTitles":["<Logo />"],"failureMessages":[],"fullName":"<Logo /> should render a white label by default","location":null,"status":"passed","title":"should render a white label by default"},{"ancestorTitles":["<Logo />"],"failureMessages":[],"fullName":"<Logo /> should render a secondary label color based on prop","location":null,"status":"passed","title":"should render a secondary label color based on prop"},{"ancestorTitles":["<Logo />"],"failureMessages":[],"fullName":"<Logo /> should render a normal size logo by defaul","location":null,"status":"passed","title":"should render a normal size logo by defaul"},{"ancestorTitles":["<Logo />"],"failureMessages":[],"fullName":"<Logo /> should render a bigger size logo","location":null,"status":"passed","title":"should render a bigger size logo"},{"ancestorTitles":["<Logo />"],"failureMessages":[],"fullName":"<Logo /> should render a logo without text on mobile if hideOnMobile attribute","location":null,"status":"passed","title":"should render a logo without text on mobile if hideOnMobile attribute"},{"ancestorTitles":["<Logo />"],"failureMessages":[],"fullName":"<Logo /> should render a logo with id","location":null,"status":"passed","title":"should render a logo with id"}],"endTime":1607212831484,"message":"","name":"/home/coderamos/GITHUB/YELLOW/ylw-games/src/components/Logo/test.tsx","startTime":1607212830792,"status":"passed","summary":""},{"assertionResults":[{"ancestorTitles":["<CartList />"],"failureMessages":[],"fullName":"<CartList /> should render the heading","location":null,"status":"passed","title":"should render the heading"}],"endTime":1607212831667,"message":"","name":"/home/coderamos/GITHUB/YELLOW/ylw-games/src/components/CartList/test.tsx","startTime":1607212830959,"status":"passed","summary":""},{"assertionResults":[{"ancestorTitles":["<Form />"],"failureMessages":[],"fullName":"<Form /> should render the form","location":null,"status":"passed","title":"should render the form"}],"endTime":1607212831675,"message":"","name":"/home/coderamos/GITHUB/YELLOW/ylw-games/src/components/Form/test.tsx","startTime":1607212831118,"status":"passed","summary":""},{"assertionResults":[{"ancestorTitles":["<Base />"],"failureMessages":[],"fullName":"<Base /> should render the menu, footer and children","location":null,"status":"passed","title":"should render the menu, footer and children"}],"endTime":1607212831741,"message":"","name":"/home/coderamos/GITHUB/YELLOW/ylw-games/src/templates/Base/test.tsx","startTime":1607212831115,"status":"passed","summary":""},{"assertionResults":[{"ancestorTitles":["<Cart />"],"failureMessages":[],"fullName":"<Cart /> should render sections correctly","location":null,"status":"passed","title":"should render sections correctly"},{"ancestorTitles":["<Cart />"],"failureMessages":[],"fullName":"<Cart /> should render empty section when no have items on cartList","location":null,"status":"passed","title":"should render empty section when no have items on cartList"}],"endTime":1607212831734,"message":"","name":"/home/coderamos/GITHUB/YELLOW/ylw-games/src/templates/Cart/test.tsx","startTime":1607212830998,"status":"passed","summary":""},{"assertionResults":[{"ancestorTitles":["<Grid />"],"failureMessages":[],"fullName":"<Grid /> should render grid correctly","location":null,"status":"passed","title":"should render grid correctly"}],"endTime":1607212831899,"message":"","name":"/home/coderamos/GITHUB/YELLOW/ylw-games/src/components/Grid/test.tsx","startTime":1607212831310,"status":"passed","summary":""},{"assertionResults":[{"ancestorTitles":["<Divider />"],"failureMessages":[],"fullName":"<Divider /> should render correctly","location":null,"status":"passed","title":"should render correctly"}],"endTime":1607212831925,"message":"","name":"/home/coderamos/GITHUB/YELLOW/ylw-games/src/components/Divider/test.tsx","startTime":1607212831408,"status":"passed","summary":""},{"assertionResults":[{"ancestorTitles":["<Container />"],"failureMessages":[],"fullName":"<Container /> should render the heading","location":null,"status":"passed","title":"should render the heading"}],"endTime":1607212831961,"message":"","name":"/home/coderamos/GITHUB/YELLOW/ylw-games/src/components/Container/test.tsx","startTime":1607212831522,"status":"passed","summary":""}],"wasInterrupted":false,"coverageMap":{"/home/coderamos/GITHUB/YELLOW/ylw-games/src/utils/tests/helpers.tsx":{"path":"/home/coderamos/GITHUB/YELLOW/ylw-games/src/utils/tests/helpers.tsx","statementMap":{"0":{"start":{"line":6,"column":31},"end":{"line":7,"column":65}},"1":{"start":{"line":7,"column":2},"end":{"line":7,"column":65}}},"fnMap":{"0":{"name":"(anonymous_0)","decl":{"start":{"line":6,"column":31},"end":{"line":6,"column":32}},"loc":{"start":{"line":7,"column":2},"end":{"line":7,"column":65}},"line":7}},"branchMap":{},"s":{"0":35,"1":126},"f":{"0":126},"b":{},"_coverageSchema":"1a1c01bbd47fc00a2c39e90264f33305004495a9","hash":"292e918cd1819373f1e1ee222667c43978911244"},"/home/coderamos/GITHUB/YELLOW/ylw-games/src/components/Button/styles.ts":{"path":"/home/coderamos/GITHUB/YELLOW/ylw-games/src/components/Button/styles.ts","statementMap":{"0":{"start":{"line":12,"column":24},"end":{"line":82,"column":1}},"1":{"start":{"line":13,"column":59},"end":{"line":22,"column":3}},"2":{"start":{"line":23,"column":61},"end":{"line":32,"column":3}},"3":{"start":{"line":33,"column":63},"end":{"line":42,"column":3}},"4":{"start":{"line":43,"column":57},"end":{"line":50,"column":3}},"5":{"start":{"line":51,"column":34},"end":{"line":54,"column":3}},"6":{"start":{"line":55,"column":35},"end":{"line":59,"column":3}},"7":{"start":{"line":60,"column":34},"end":{"line":64,"column":3}},"8":{"start":{"line":65,"column":19},"end":{"line":67,"column":3}},"9":{"start":{"line":68,"column":37},"end":{"line":75,"column":3}},"10":{"start":{"line":76,"column":18},"end":{"line":81,"column":3}},"11":{"start":{"line":84,"column":23},"end":{"line":102,"column":1}},"12":{"start":{"line":85,"column":76},"end":{"line":101,"column":3}},"13":{"start":{"line":104,"column":27},"end":{"line":104,"column":40}}},"fnMap":{"0":{"name":"(anonymous_0)","decl":{"start":{"line":13,"column":11},"end":{"line":13,"column":12}},"loc":{"start":{"line":13,"column":59},"end":{"line":22,"column":3}},"line":13},"1":{"name":"(anonymous_1)","decl":{"start":{"line":23,"column":13},"end":{"line":23,"column":14}},"loc":{"start":{"line":23,"column":61},"end":{"line":32,"column":3}},"line":23},"2":{"name":"(anonymous_2)","decl":{"start":{"line":33,"column":15},"end":{"line":33,"column":16}},"loc":{"start":{"line":33,"column":63},"end":{"line":42,"column":3}},"line":33},"3":{"name":"(anonymous_3)","decl":{"start":{"line":43,"column":9},"end":{"line":43,"column":10}},"loc":{"start":{"line":43,"column":57},"end":{"line":50,"column":3}},"line":43},"4":{"name":"(anonymous_4)","decl":{"start":{"line":51,"column":9},"end":{"line":51,"column":10}},"loc":{"start":{"line":51,"column":34},"end":{"line":54,"column":3}},"line":51},"5":{"name":"(anonymous_5)","decl":{"start":{"line":55,"column":10},"end":{"line":55,"column":11}},"loc":{"start":{"line":55,"column":35},"end":{"line":59,"column":3}},"line":55},"6":{"name":"(anonymous_6)","decl":{"start":{"line":60,"column":9},"end":{"line":60,"column":10}},"loc":{"start":{"line":60,"column":34},"end":{"line":64,"column":3}},"line":60},"7":{"name":"(anonymous_7)","decl":{"start":{"line":65,"column":13},"end":{"line":65,"column":14}},"loc":{"start":{"line":65,"column":19},"end":{"line":67,"column":3}},"line":65},"8":{"name":"(anonymous_8)","decl":{"start":{"line":68,"column":12},"end":{"line":68,"column":13}},"loc":{"start":{"line":68,"column":37},"end":{"line":75,"column":3}},"line":68},"9":{"name":"(anonymous_9)","decl":{"start":{"line":76,"column":12},"end":{"line":76,"column":13}},"loc":{"start":{"line":76,"column":18},"end":{"line":81,"column":3}},"line":76},"10":{"name":"(anonymous_10)","decl":{"start":{"line":85,"column":4},"end":{"line":85,"column":5}},"loc":{"start":{"line":85,"column":76},"end":{"line":101,"column":3}},"line":85}},"branchMap":{"0":{"loc":{"start":{"line":14,"column":18},"end":{"line":14,"column":57}},"type":"cond-expr","locations":[{"start":{"line":14,"column":28},"end":{"line":14,"column":34}},{"start":{"line":14,"column":37},"end":{"line":14,"column":57}}],"line":14},"1":{"loc":{"start":{"line":15,"column":13},"end":{"line":15,"column":68}},"type":"cond-expr","locations":[{"start":{"line":15,"column":23},"end":{"line":15,"column":43}},{"start":{"line":15,"column":46},"end":{"line":15,"column":68}}],"line":15},"2":{"loc":{"start":{"line":17,"column":20},"end":{"line":17,"column":70}},"type":"cond-expr","locations":[{"start":{"line":17,"column":30},"end":{"line":17,"column":36}},{"start":{"line":17,"column":39},"end":{"line":17,"column":70}}],"line":17},"3":{"loc":{"start":{"line":18,"column":15},"end":{"line":20,"column":32}},"type":"cond-expr","locations":[{"start":{"line":19,"column":10},"end":{"line":19,"column":41}},{"start":{"line":20,"column":10},"end":{"line":20,"column":32}}],"line":18},"4":{"loc":{"start":{"line":24,"column":18},"end":{"line":24,"column":59}},"type":"cond-expr","locations":[{"start":{"line":24,"column":28},"end":{"line":24,"column":34}},{"start":{"line":24,"column":37},"end":{"line":24,"column":59}}],"line":24},"5":{"loc":{"start":{"line":25,"column":13},"end":{"line":25,"column":66}},"type":"cond-expr","locations":[{"start":{"line":25,"column":23},"end":{"line":25,"column":45}},{"start":{"line":25,"column":48},"end":{"line":25,"column":66}}],"line":25},"6":{"loc":{"start":{"line":27,"column":20},"end":{"line":27,"column":72}},"type":"cond-expr","locations":[{"start":{"line":27,"column":30},"end":{"line":27,"column":36}},{"start":{"line":27,"column":39},"end":{"line":27,"column":72}}],"line":27},"7":{"loc":{"start":{"line":28,"column":15},"end":{"line":30,"column":28}},"type":"cond-expr","locations":[{"start":{"line":29,"column":10},"end":{"line":29,"column":43}},{"start":{"line":30,"column":10},"end":{"line":30,"column":28}}],"line":28},"8":{"loc":{"start":{"line":34,"column":18},"end":{"line":34,"column":61}},"type":"cond-expr","locations":[{"start":{"line":34,"column":28},"end":{"line":34,"column":34}},{"start":{"line":34,"column":37},"end":{"line":34,"column":61}}],"line":34},"9":{"loc":{"start":{"line":35,"column":13},"end":{"line":35,"column":72}},"type":"cond-expr","locations":[{"start":{"line":35,"column":23},"end":{"line":35,"column":47}},{"start":{"line":35,"column":50},"end":{"line":35,"column":72}}],"line":35},"10":{"loc":{"start":{"line":37,"column":20},"end":{"line":37,"column":74}},"type":"cond-expr","locations":[{"start":{"line":37,"column":30},"end":{"line":37,"column":36}},{"start":{"line":37,"column":39},"end":{"line":37,"column":74}}],"line":37},"11":{"loc":{"start":{"line":38,"column":15},"end":{"line":40,"column":32}},"type":"cond-expr","locations":[{"start":{"line":39,"column":10},"end":{"line":39,"column":45}},{"start":{"line":40,"column":10},"end":{"line":40,"column":32}}],"line":38},"12":{"loc":{"start":{"line":44,"column":18},"end":{"line":44,"column":55}},"type":"cond-expr","locations":[{"start":{"line":44,"column":28},"end":{"line":44,"column":34}},{"start":{"line":44,"column":37},"end":{"line":44,"column":55}}],"line":44},"13":{"loc":{"start":{"line":96,"column":6},"end":{"line":96,"column":44}},"type":"binary-expr","locations":[{"start":{"line":96,"column":6},"end":{"line":96,"column":12}},{"start":{"line":96,"column":16},"end":{"line":96,"column":44}}],"line":96},"14":{"loc":{"start":{"line":97,"column":6},"end":{"line":97,"column":46}},"type":"binary-expr","locations":[{"start":{"line":97,"column":6},"end":{"line":97,"column":17}},{"start":{"line":97,"column":21},"end":{"line":97,"column":46}}],"line":97},"15":{"loc":{"start":{"line":98,"column":6},"end":{"line":98,"column":50}},"type":"binary-expr","locations":[{"start":{"line":98,"column":6},"end":{"line":98,"column":15}},{"start":{"line":98,"column":19},"end":{"line":98,"column":50}}],"line":98},"16":{"loc":{"start":{"line":99,"column":6},"end":{"line":99,"column":65}},"type":"binary-expr","locations":[{"start":{"line":99,"column":6},"end":{"line":99,"column":18}},{"start":{"line":99,"column":22},"end":{"line":99,"column":65}}],"line":99},"17":{"loc":{"start":{"line":100,"column":6},"end":{"line":100,"column":44}},"type":"binary-expr","locations":[{"start":{"line":100,"column":6},"end":{"line":100,"column":14}},{"start":{"line":100,"column":18},"end":{"line":100,"column":44}}],"line":100}},"s":{"0":16,"1":83,"2":2,"3":2,"4":0,"5":20,"6":61,"7":6,"8":26,"9":33,"10":5,"11":16,"12":87,"13":16},"f":{"0":83,"1":2,"2":2,"3":0,"4":20,"5":61,"6":6,"7":26,"8":33,"9":5,"10":87},"b":{"0":[9,74],"1":[9,74],"2":[9,74],"3":[9,74],"4":[1,1],"5":[1,1],"6":[1,1],"7":[1,1],"8":[1,1],"9":[1,1],"10":[1,1],"11":[1,1],"12":[0,0],"13":[87,87],"14":[87,26],"15":[87,33],"16":[87,87],"17":[87,5]},"_coverageSchema":"1a1c01bbd47fc00a2c39e90264f33305004495a9","hash":"281fd1bf3858448ac05ef1b75c1d2ab0a150fa76"},"/home/coderamos/GITHUB/YELLOW/ylw-games/src/components/Button/index.tsx":{"path":"/home/coderamos/GITHUB/YELLOW/ylw-games/src/components/Button/index.tsx","statementMap":{"0":{"start":{"line":20,"column":76},"end":{"line":44,"column":1}},"1":{"start":{"line":32,"column":2},"end":{"line":43,"column":14}}},"fnMap":{"0":{"name":"(anonymous_0)","decl":{"start":{"line":20,"column":76},"end":{"line":20,"column":77}},"loc":{"start":{"line":32,"column":2},"end":{"line":43,"column":14}},"line":32}},"branchMap":{"0":{"loc":{"start":{"line":23,"column":4},"end":{"line":23,"column":26}},"type":"default-arg","locations":[{"start":{"line":23,"column":17},"end":{"line":23,"column":26}}],"line":23},"1":{"loc":{"start":{"line":24,"column":4},"end":{"line":24,"column":21}},"type":"default-arg","locations":[{"start":{"line":24,"column":16},"end":{"line":24,"column":21}}],"line":24},"2":{"loc":{"start":{"line":26,"column":4},"end":{"line":26,"column":19}},"type":"default-arg","locations":[{"start":{"line":26,"column":14},"end":{"line":26,"column":19}}],"line":26},"3":{"loc":{"start":{"line":27,"column":4},"end":{"line":27,"column":19}},"type":"default-arg","locations":[{"start":{"line":27,"column":11},"end":{"line":27,"column":19}}],"line":27},"4":{"loc":{"start":{"line":41,"column":5},"end":{"line":41,"column":19}},"type":"binary-expr","locations":[{"start":{"line":41,"column":5},"end":{"line":41,"column":11}},{"start":{"line":41,"column":15},"end":{"line":41,"column":19}}],"line":41},"5":{"loc":{"start":{"line":42,"column":5},"end":{"line":42,"column":60}},"type":"binary-expr","locations":[{"start":{"line":42,"column":5},"end":{"line":42,"column":15}},{"start":{"line":42,"column":19},"end":{"line":42,"column":60}}],"line":42}},"s":{"0":15,"1":87},"f":{"0":87},"b":{"0":[30],"1":[61],"2":[76],"3":[53],"4":[87,33],"5":[87,68]},"_coverageSchema":"1a1c01bbd47fc00a2c39e90264f33305004495a9","hash":"12854128b68751913fb11ca369b6246acc690bd7"},"/home/coderamos/GITHUB/YELLOW/ylw-games/src/components/Ribbon/styles.ts":{"path":"/home/coderamos/GITHUB/YELLOW/ylw-games/src/components/Ribbon/styles.ts","statementMap":{"0":{"start":{"line":7,"column":24},"end":{"line":43,"column":1}},"1":{"start":{"line":8,"column":63},"end":{"line":18,"column":3}},"2":{"start":{"line":19,"column":34},"end":{"line":30,"column":3}},"3":{"start":{"line":31,"column":35},"end":{"line":42,"column":3}},"4":{"start":{"line":45,"column":23},"end":{"line":68,"column":1}},"5":{"start":{"line":46,"column":37},"end":{"line":67,"column":3}}},"fnMap":{"0":{"name":"(anonymous_0)","decl":{"start":{"line":8,"column":9},"end":{"line":8,"column":10}},"loc":{"start":{"line":8,"column":63},"end":{"line":18,"column":3}},"line":8},"1":{"name":"(anonymous_1)","decl":{"start":{"line":19,"column":9},"end":{"line":19,"column":10}},"loc":{"start":{"line":19,"column":34},"end":{"line":30,"column":3}},"line":19},"2":{"name":"(anonymous_2)","decl":{"start":{"line":31,"column":10},"end":{"line":31,"column":11}},"loc":{"start":{"line":31,"column":35},"end":{"line":42,"column":3}},"line":31},"3":{"name":"(anonymous_3)","decl":{"start":{"line":46,"column":4},"end":{"line":46,"column":5}},"loc":{"start":{"line":46,"column":37},"end":{"line":67,"column":3}},"line":46}},"branchMap":{"0":{"loc":{"start":{"line":10,"column":13},"end":{"line":12,"column":30}},"type":"cond-expr","locations":[{"start":{"line":11,"column":8},"end":{"line":11,"column":26}},{"start":{"line":12,"column":8},"end":{"line":12,"column":30}}],"line":10},"1":{"loc":{"start":{"line":65,"column":6},"end":{"line":65,"column":44}},"type":"binary-expr","locations":[{"start":{"line":65,"column":6},"end":{"line":65,"column":12}},{"start":{"line":65,"column":16},"end":{"line":65,"column":44}}],"line":65},"2":{"loc":{"start":{"line":66,"column":6},"end":{"line":66,"column":62}},"type":"binary-expr","locations":[{"start":{"line":66,"column":6},"end":{"line":66,"column":18}},{"start":{"line":66,"column":22},"end":{"line":66,"column":62}}],"line":66}},"s":{"0":8,"1":15,"2":3,"3":12,"4":8,"5":15},"f":{"0":15,"1":3,"2":12,"3":15},"b":{"0":[5,10],"1":[15,15],"2":[15,15]},"_coverageSchema":"1a1c01bbd47fc00a2c39e90264f33305004495a9","hash":"48abf9c74ba119c4cac281ae376e465cfbc37ce0"},"/home/coderamos/GITHUB/YELLOW/ylw-games/src/components/Ribbon/index.tsx":{"path":"/home/coderamos/GITHUB/YELLOW/ylw-games/src/components/Ribbon/index.tsx","statementMap":{"0":{"start":{"line":13,"column":15},"end":{"line":21,"column":1}},"1":{"start":{"line":18,"column":2},"end":{"line":20,"column":14}}},"fnMap":{"0":{"name":"(anonymous_0)","decl":{"start":{"line":13,"column":15},"end":{"line":13,"column":16}},"loc":{"start":{"line":18,"column":2},"end":{"line":20,"column":14}},"line":18}},"branchMap":{"0":{"loc":{"start":{"line":15,"column":2},"end":{"line":15,"column":24}},"type":"default-arg","locations":[{"start":{"line":15,"column":15},"end":{"line":15,"column":24}}],"line":15},"1":{"loc":{"start":{"line":16,"column":2},"end":{"line":16,"column":17}},"type":"default-arg","locations":[{"start":{"line":16,"column":9},"end":{"line":16,"column":17}}],"line":16}},"s":{"0":8,"1":15},"f":{"0":15},"b":{"0":[4],"1":[6]},"_coverageSchema":"1a1c01bbd47fc00a2c39e90264f33305004495a9","hash":"9820bd8a672bf85d806fc875b3f1c60cdb2575b3"},"/home/coderamos/GITHUB/YELLOW/ylw-games/src/components/GameCard/styles.ts":{"path":"/home/coderamos/GITHUB/YELLOW/ylw-games/src/components/GameCard/styles.ts","statementMap":{"0":{"start":{"line":7,"column":27},"end":{"line":21,"column":1}},"1":{"start":{"line":8,"column":36},"end":{"line":14,"column":3}},"2":{"start":{"line":16,"column":40},"end":{"line":20,"column":3}},"3":{"start":{"line":23,"column":23},"end":{"line":32,"column":1}},"4":{"start":{"line":24,"column":19},"end":{"line":31,"column":3}},"5":{"start":{"line":34,"column":28},"end":{"line":62,"column":1}},"6":{"start":{"line":64,"column":30},"end":{"line":73,"column":1}},"7":{"start":{"line":65,"column":19},"end":{"line":72,"column":3}},"8":{"start":{"line":75,"column":25},"end":{"line":75,"column":37}},"9":{"start":{"line":77,"column":27},"end":{"line":79,"column":1}},"10":{"start":{"line":81,"column":25},"end":{"line":88,"column":1}},"11":{"start":{"line":82,"column":19},"end":{"line":87,"column":3}},"12":{"start":{"line":90,"column":29},"end":{"line":96,"column":1}},"13":{"start":{"line":91,"column":19},"end":{"line":95,"column":3}},"14":{"start":{"line":98,"column":30},"end":{"line":112,"column":1}},"15":{"start":{"line":99,"column":19},"end":{"line":111,"column":3}},"16":{"start":{"line":114,"column":28},"end":{"line":121,"column":1}},"17":{"start":{"line":115,"column":19},"end":{"line":120,"column":3}},"18":{"start":{"line":123,"column":25},"end":{"line":133,"column":1}},"19":{"start":{"line":124,"column":34},"end":{"line":132,"column":3}}},"fnMap":{"0":{"name":"(anonymous_0)","decl":{"start":{"line":8,"column":11},"end":{"line":8,"column":12}},"loc":{"start":{"line":8,"column":36},"end":{"line":14,"column":3}},"line":8},"1":{"name":"(anonymous_1)","decl":{"start":{"line":16,"column":15},"end":{"line":16,"column":16}},"loc":{"start":{"line":16,"column":40},"end":{"line":20,"column":3}},"line":16},"2":{"name":"(anonymous_2)","decl":{"start":{"line":24,"column":4},"end":{"line":24,"column":5}},"loc":{"start":{"line":24,"column":19},"end":{"line":31,"column":3}},"line":24},"3":{"name":"(anonymous_3)","decl":{"start":{"line":65,"column":4},"end":{"line":65,"column":5}},"loc":{"start":{"line":65,"column":19},"end":{"line":72,"column":3}},"line":65},"4":{"name":"(anonymous_4)","decl":{"start":{"line":82,"column":4},"end":{"line":82,"column":5}},"loc":{"start":{"line":82,"column":19},"end":{"line":87,"column":3}},"line":82},"5":{"name":"(anonymous_5)","decl":{"start":{"line":91,"column":4},"end":{"line":91,"column":5}},"loc":{"start":{"line":91,"column":19},"end":{"line":95,"column":3}},"line":91},"6":{"name":"(anonymous_6)","decl":{"start":{"line":99,"column":4},"end":{"line":99,"column":5}},"loc":{"start":{"line":99,"column":19},"end":{"line":111,"column":3}},"line":99},"7":{"name":"(anonymous_7)","decl":{"start":{"line":115,"column":4},"end":{"line":115,"column":5}},"loc":{"start":{"line":115,"column":19},"end":{"line":120,"column":3}},"line":115},"8":{"name":"(anonymous_8)","decl":{"start":{"line":124,"column":4},"end":{"line":124,"column":5}},"loc":{"start":{"line":124,"column":34},"end":{"line":132,"column":3}},"line":124}},"branchMap":{"0":{"loc":{"start":{"line":130,"column":6},"end":{"line":130,"column":57}},"type":"binary-expr","locations":[{"start":{"line":130,"column":6},"end":{"line":130,"column":20}},{"start":{"line":130,"column":24},"end":{"line":130,"column":57}}],"line":130},"1":{"loc":{"start":{"line":131,"column":6},"end":{"line":131,"column":60}},"type":"binary-expr","locations":[{"start":{"line":131,"column":6},"end":{"line":131,"column":19}},{"start":{"line":131,"column":23},"end":{"line":131,"column":60}}],"line":131}},"s":{"0":4,"1":19,"2":14,"3":4,"4":19,"5":4,"6":4,"7":19,"8":4,"9":4,"10":4,"11":19,"12":4,"13":19,"14":4,"15":19,"16":4,"17":19,"18":4,"19":33},"f":{"0":19,"1":14,"2":19,"3":19,"4":19,"5":19,"6":19,"7":19,"8":33},"b":{"0":[33,19],"1":[33,14]},"_coverageSchema":"1a1c01bbd47fc00a2c39e90264f33305004495a9","hash":"161f81b40b720581d60a08280b6058cebb579745"},"/home/coderamos/GITHUB/YELLOW/ylw-games/src/components/GameCard/index.tsx":{"path":"/home/coderamos/GITHUB/YELLOW/ylw-games/src/components/GameCard/index.tsx","statementMap":{"0":{"start":{"line":26,"column":17},"end":{"line":77,"column":1}},"1":{"start":{"line":39,"column":2},"end":{"line":76,"column":14}}},"fnMap":{"0":{"name":"(anonymous_0)","decl":{"start":{"line":26,"column":17},"end":{"line":26,"column":18}},"loc":{"start":{"line":39,"column":2},"end":{"line":76,"column":14}},"line":39}},"branchMap":{"0":{"loc":{"start":{"line":27,"column":2},"end":{"line":27,"column":26}},"type":"default-arg","locations":[{"start":{"line":27,"column":17},"end":{"line":27,"column":26}}],"line":27},"1":{"loc":{"start":{"line":29,"column":2},"end":{"line":29,"column":18}},"type":"default-arg","locations":[{"start":{"line":29,"column":13},"end":{"line":29,"column":18}}],"line":29},"2":{"loc":{"start":{"line":35,"column":2},"end":{"line":35,"column":25}},"type":"default-arg","locations":[{"start":{"line":35,"column":16},"end":{"line":35,"column":25}}],"line":35},"3":{"loc":{"start":{"line":36,"column":2},"end":{"line":36,"column":22}},"type":"default-arg","locations":[{"start":{"line":36,"column":15},"end":{"line":36,"column":22}}],"line":36},"4":{"loc":{"start":{"line":40,"column":5},"end":{"line":44,"column":5}},"type":"binary-expr","locations":[{"start":{"line":40,"column":5},"end":{"line":40,"column":13}},{"start":{"line":41,"column":6},"end":{"line":43,"column":15}}],"line":40},"5":{"loc":{"start":{"line":54,"column":9},"end":{"line":58,"column":9}},"type":"cond-expr","locations":[{"start":{"line":55,"column":10},"end":{"line":55,"column":63}},{"start":{"line":57,"column":10},"end":{"line":57,"column":52}}],"line":54},"6":{"loc":{"start":{"line":61,"column":9},"end":{"line":65,"column":9}},"type":"binary-expr","locations":[{"start":{"line":61,"column":9},"end":{"line":61,"column":27}},{"start":{"line":62,"column":10},"end":{"line":64,"column":24}}],"line":61},"7":{"loc":{"start":{"line":67,"column":11},"end":{"line":67,"column":36}},"type":"binary-expr","locations":[{"start":{"line":67,"column":11},"end":{"line":67,"column":27}},{"start":{"line":67,"column":31},"end":{"line":67,"column":36}}],"line":67}},"s":{"0":4,"1":19},"f":{"0":19},"b":{"0":[8],"1":[17],"2":[18],"3":[18],"4":[19,1],"5":[2,17],"6":[19,14],"7":[19,5]},"_coverageSchema":"1a1c01bbd47fc00a2c39e90264f33305004495a9","hash":"c75cfbf30a9fed2322a7bd9b5b2020f3297a3f28"},"/home/coderamos/GITHUB/YELLOW/ylw-games/src/components/Slider/styles.ts":{"path":"/home/coderamos/GITHUB/YELLOW/ylw-games/src/components/Slider/styles.ts","statementMap":{"0":{"start":{"line":3,"column":23},"end":{"line":103,"column":1}}},"fnMap":{},"branchMap":{},"s":{"0":5},"f":{},"b":{},"_coverageSchema":"1a1c01bbd47fc00a2c39e90264f33305004495a9","hash":"a898d1689bad0c06ff823bc1b7c95447211b3ff8"},"/home/coderamos/GITHUB/YELLOW/ylw-games/src/components/Slider/index.tsx":{"path":"/home/coderamos/GITHUB/YELLOW/ylw-games/src/components/Slider/index.tsx","statementMap":{"0":{"start":{"line":13,"column":73},"end":{"line":24,"column":1}},"1":{"start":{"line":17,"column":2},"end":{"line":23,"column":4}}},"fnMap":{"0":{"name":"(anonymous_0)","decl":{"start":{"line":13,"column":73},"end":{"line":13,"column":74}},"loc":{"start":{"line":16,"column":5},"end":{"line":24,"column":1}},"line":16}},"branchMap":{},"s":{"0":5,"1":31},"f":{"0":31},"b":{},"_coverageSchema":"1a1c01bbd47fc00a2c39e90264f33305004495a9","hash":"e72914e899d4ae8eef6055bda5dcf5cc28ed36fa"},"/home/coderamos/GITHUB/YELLOW/ylw-games/src/components/Gallery/styles.ts":{"path":"/home/coderamos/GITHUB/YELLOW/ylw-games/src/components/Gallery/styles.ts","statementMap":{"0":{"start":{"line":8,"column":23},"end":{"line":48,"column":1}},"1":{"start":{"line":9,"column":19},"end":{"line":47,"column":3}},"2":{"start":{"line":50,"column":21},"end":{"line":50,"column":33}},"3":{"start":{"line":52,"column":23},"end":{"line":60,"column":1}},"4":{"start":{"line":53,"column":14},"end":{"line":55,"column":3}},"5":{"start":{"line":56,"column":16},"end":{"line":59,"column":3}},"6":{"start":{"line":62,"column":21},"end":{"line":78,"column":1}},"7":{"start":{"line":63,"column":27},"end":{"line":77,"column":3}},"8":{"start":{"line":80,"column":28},"end":{"line":91,"column":1}},"9":{"start":{"line":81,"column":19},"end":{"line":90,"column":3}},"10":{"start":{"line":93,"column":23},"end":{"line":99,"column":1}},"11":{"start":{"line":94,"column":10},"end":{"line":98,"column":3}}},"fnMap":{"0":{"name":"(anonymous_0)","decl":{"start":{"line":9,"column":4},"end":{"line":9,"column":5}},"loc":{"start":{"line":9,"column":19},"end":{"line":47,"column":3}},"line":9},"1":{"name":"(anonymous_1)","decl":{"start":{"line":53,"column":8},"end":{"line":53,"column":9}},"loc":{"start":{"line":53,"column":14},"end":{"line":55,"column":3}},"line":53},"2":{"name":"(anonymous_2)","decl":{"start":{"line":56,"column":10},"end":{"line":56,"column":11}},"loc":{"start":{"line":56,"column":16},"end":{"line":59,"column":3}},"line":56},"3":{"name":"(anonymous_3)","decl":{"start":{"line":63,"column":4},"end":{"line":63,"column":5}},"loc":{"start":{"line":63,"column":27},"end":{"line":77,"column":3}},"line":63},"4":{"name":"(anonymous_4)","decl":{"start":{"line":81,"column":4},"end":{"line":81,"column":5}},"loc":{"start":{"line":81,"column":19},"end":{"line":90,"column":3}},"line":81},"5":{"name":"(anonymous_5)","decl":{"start":{"line":94,"column":4},"end":{"line":94,"column":5}},"loc":{"start":{"line":94,"column":10},"end":{"line":98,"column":3}},"line":94}},"branchMap":{"0":{"loc":{"start":{"line":76,"column":6},"end":{"line":76,"column":62}},"type":"cond-expr","locations":[{"start":{"line":76,"column":15},"end":{"line":76,"column":36}},{"start":{"line":76,"column":39},"end":{"line":76,"column":62}}],"line":76}},"s":{"0":1,"1":11,"2":1,"3":1,"4":4,"5":7,"6":1,"7":11,"8":1,"9":11,"10":1,"11":11},"f":{"0":11,"1":4,"2":7,"3":11,"4":11,"5":11},"b":{"0":[4,7]},"_coverageSchema":"1a1c01bbd47fc00a2c39e90264f33305004495a9","hash":"dbe7687b31597d4bd8a0f8bc93cd40e84c12995f"},"/home/coderamos/GITHUB/YELLOW/ylw-games/src/components/Gallery/index.tsx":{"path":"/home/coderamos/GITHUB/YELLOW/ylw-games/src/components/Gallery/index.tsx","statementMap":{"0":{"start":{"line":22,"column":40},"end":{"line":28,"column":1}},"1":{"start":{"line":30,"column":40},"end":{"line":67,"column":1}},"2":{"start":{"line":69,"column":38},"end":{"line":72,"column":1}},"3":{"start":{"line":73,"column":22},"end":{"line":126,"column":1}},"4":{"start":{"line":74,"column":30},"end":{"line":74,"column":45}},"5":{"start":{"line":76,"column":2},"end":{"line":82,"column":9}},"6":{"start":{"line":77,"column":24},"end":{"line":79,"column":5}},"7":{"start":{"line":78,"column":6},"end":{"line":78,"column":43}},"8":{"start":{"line":80,"column":4},"end":{"line":80,"column":50}},"9":{"start":{"line":81,"column":4},"end":{"line":81,"column":66}},"10":{"start":{"line":81,"column":17},"end":{"line":81,"column":65}},"11":{"start":{"line":84,"column":20},"end":{"line":84,"column":45}},"12":{"start":{"line":86,"column":2},"end":{"line":125,"column":4}},"13":{"start":{"line":90,"column":10},"end":{"line":99,"column":12}},"14":{"start":{"line":96,"column":14},"end":{"line":96,"column":30}},"15":{"start":{"line":97,"column":14},"end":{"line":97,"column":56}},"16":{"start":{"line":107,"column":25},"end":{"line":107,"column":41}},"17":{"start":{"line":115,"column":14},"end":{"line":119,"column":16}}},"fnMap":{"0":{"name":"(anonymous_0)","decl":{"start":{"line":73,"column":22},"end":{"line":73,"column":23}},"loc":{"start":{"line":73,"column":51},"end":{"line":126,"column":1}},"line":73},"1":{"name":"(anonymous_1)","decl":{"start":{"line":76,"column":12},"end":{"line":76,"column":13}},"loc":{"start":{"line":76,"column":18},"end":{"line":82,"column":3}},"line":76},"2":{"name":"(anonymous_2)","decl":{"start":{"line":77,"column":24},"end":{"line":77,"column":25}},"loc":{"start":{"line":77,"column":52},"end":{"line":79,"column":5}},"line":77},"3":{"name":"(anonymous_3)","decl":{"start":{"line":81,"column":11},"end":{"line":81,"column":12}},"loc":{"start":{"line":81,"column":17},"end":{"line":81,"column":65}},"line":81},"4":{"name":"(anonymous_4)","decl":{"start":{"line":89,"column":19},"end":{"line":89,"column":20}},"loc":{"start":{"line":90,"column":10},"end":{"line":99,"column":12}},"line":90},"5":{"name":"(anonymous_5)","decl":{"start":{"line":95,"column":21},"end":{"line":95,"column":22}},"loc":{"start":{"line":95,"column":27},"end":{"line":98,"column":13}},"line":95},"6":{"name":"(anonymous_6)","decl":{"start":{"line":107,"column":19},"end":{"line":107,"column":20}},"loc":{"start":{"line":107,"column":25},"end":{"line":107,"column":41}},"line":107},"7":{"name":"(anonymous_7)","decl":{"start":{"line":114,"column":23},"end":{"line":114,"column":24}},"loc":{"start":{"line":115,"column":14},"end":{"line":119,"column":16}},"line":115}},"branchMap":{"0":{"loc":{"start":{"line":78,"column":6},"end":{"line":78,"column":42}},"type":"binary-expr","locations":[{"start":{"line":78,"column":6},"end":{"line":78,"column":22}},{"start":{"line":78,"column":26},"end":{"line":78,"column":42}}],"line":78}},"s":{"0":1,"1":1,"2":1,"3":1,"4":11,"5":11,"6":5,"7":1,"8":5,"9":5,"10":5,"11":11,"12":11,"13":22,"14":4,"15":4,"16":1,"17":22},"f":{"0":11,"1":5,"2":1,"3":5,"4":22,"5":4,"6":1,"7":22},"b":{"0":[1,1]},"_coverageSchema":"1a1c01bbd47fc00a2c39e90264f33305004495a9","hash":"23244e36124e9c9d1e363a9b81af832c92e7ab42"},"/home/coderamos/GITHUB/YELLOW/ylw-games/src/components/Container/index.tsx":{"path":"/home/coderamos/GITHUB/YELLOW/ylw-games/src/components/Container/index.tsx","statementMap":{"0":{"start":{"line":3,"column":25},"end":{"line":12,"column":1}},"1":{"start":{"line":4,"column":19},"end":{"line":11,"column":3}}},"fnMap":{"0":{"name":"(anonymous_0)","decl":{"start":{"line":4,"column":4},"end":{"line":4,"column":5}},"loc":{"start":{"line":4,"column":19},"end":{"line":11,"column":3}},"line":4}},"branchMap":{},"s":{"0":7,"1":36},"f":{"0":36},"b":{},"_coverageSchema":"1a1c01bbd47fc00a2c39e90264f33305004495a9","hash":"41cc376043caec70aab5786a3dcdbc9533b052be"},"/home/coderamos/GITHUB/YELLOW/ylw-games/src/components/Heading/styles.ts":{"path":"/home/coderamos/GITHUB/YELLOW/ylw-games/src/components/Heading/styles.ts","statementMap":{"0":{"start":{"line":7,"column":32},"end":{"line":39,"column":1}},"1":{"start":{"line":8,"column":65},"end":{"line":11,"column":3}},"2":{"start":{"line":12,"column":67},"end":{"line":23,"column":3}},"3":{"start":{"line":24,"column":34},"end":{"line":29,"column":3}},"4":{"start":{"line":30,"column":35},"end":{"line":35,"column":3}},"5":{"start":{"line":36,"column":33},"end":{"line":38,"column":3}},"6":{"start":{"line":41,"column":23},"end":{"line":49,"column":1}},"7":{"start":{"line":42,"column":65},"end":{"line":48,"column":3}}},"fnMap":{"0":{"name":"(anonymous_0)","decl":{"start":{"line":8,"column":12},"end":{"line":8,"column":13}},"loc":{"start":{"line":8,"column":65},"end":{"line":11,"column":3}},"line":8},"1":{"name":"(anonymous_1)","decl":{"start":{"line":12,"column":14},"end":{"line":12,"column":15}},"loc":{"start":{"line":12,"column":67},"end":{"line":23,"column":3}},"line":12},"2":{"name":"(anonymous_2)","decl":{"start":{"line":24,"column":9},"end":{"line":24,"column":10}},"loc":{"start":{"line":24,"column":34},"end":{"line":29,"column":3}},"line":24},"3":{"name":"(anonymous_3)","decl":{"start":{"line":30,"column":10},"end":{"line":30,"column":11}},"loc":{"start":{"line":30,"column":35},"end":{"line":35,"column":3}},"line":30},"4":{"name":"(anonymous_4)","decl":{"start":{"line":36,"column":8},"end":{"line":36,"column":9}},"loc":{"start":{"line":36,"column":33},"end":{"line":38,"column":3}},"line":36},"5":{"name":"(anonymous_5)","decl":{"start":{"line":42,"column":4},"end":{"line":42,"column":5}},"loc":{"start":{"line":42,"column":65},"end":{"line":48,"column":3}},"line":42}},"branchMap":{"0":{"loc":{"start":{"line":45,"column":6},"end":{"line":45,"column":62}},"type":"binary-expr","locations":[{"start":{"line":45,"column":6},"end":{"line":45,"column":14}},{"start":{"line":45,"column":18},"end":{"line":45,"column":62}}],"line":45},"1":{"loc":{"start":{"line":46,"column":6},"end":{"line":46,"column":66}},"type":"binary-expr","locations":[{"start":{"line":46,"column":6},"end":{"line":46,"column":16}},{"start":{"line":46,"column":20},"end":{"line":46,"column":66}}],"line":46},"2":{"loc":{"start":{"line":47,"column":6},"end":{"line":47,"column":43}},"type":"binary-expr","locations":[{"start":{"line":47,"column":6},"end":{"line":47,"column":10}},{"start":{"line":47,"column":14},"end":{"line":47,"column":43}}],"line":47}},"s":{"0":12,"1":30,"2":39,"3":35,"4":29,"5":2,"6":12,"7":66},"f":{"0":30,"1":39,"2":35,"3":29,"4":2,"5":66},"b":{"0":[66,24],"1":[66,39],"2":[66,66]},"_coverageSchema":"1a1c01bbd47fc00a2c39e90264f33305004495a9","hash":"84833dec22d7cc0f44bd6ff89a3c8c35956c85f5"},"/home/coderamos/GITHUB/YELLOW/ylw-games/src/components/Heading/index.tsx":{"path":"/home/coderamos/GITHUB/YELLOW/ylw-games/src/components/Heading/index.tsx","statementMap":{"0":{"start":{"line":14,"column":16},"end":{"line":31,"column":1}},"1":{"start":{"line":22,"column":2},"end":{"line":30,"column":14}}},"fnMap":{"0":{"name":"(anonymous_0)","decl":{"start":{"line":14,"column":16},"end":{"line":14,"column":17}},"loc":{"start":{"line":22,"column":2},"end":{"line":30,"column":14}},"line":22}},"branchMap":{"0":{"loc":{"start":{"line":16,"column":2},"end":{"line":16,"column":17}},"type":"default-arg","locations":[{"start":{"line":16,"column":10},"end":{"line":16,"column":17}}],"line":16},"1":{"loc":{"start":{"line":17,"column":2},"end":{"line":17,"column":20}},"type":"default-arg","locations":[{"start":{"line":17,"column":15},"end":{"line":17,"column":20}}],"line":17},"2":{"loc":{"start":{"line":18,"column":2},"end":{"line":18,"column":23}},"type":"default-arg","locations":[{"start":{"line":18,"column":14},"end":{"line":18,"column":23}}],"line":18},"3":{"loc":{"start":{"line":19,"column":2},"end":{"line":19,"column":18}},"type":"default-arg","locations":[{"start":{"line":19,"column":13},"end":{"line":19,"column":18}}],"line":19},"4":{"loc":{"start":{"line":20,"column":2},"end":{"line":20,"column":17}},"type":"default-arg","locations":[{"start":{"line":20,"column":9},"end":{"line":20,"column":17}}],"line":20}},"s":{"0":12,"1":66},"f":{"0":66},"b":{"0":[25],"1":[27],"2":[12],"3":[42],"4":[29]},"_coverageSchema":"1a1c01bbd47fc00a2c39e90264f33305004495a9","hash":"f69be110bfacad8a82ed810c6660840b24b4a8fc"},"/home/coderamos/GITHUB/YELLOW/ylw-games/src/components/Logo/styles.ts":{"path":"/home/coderamos/GITHUB/YELLOW/ylw-games/src/components/Logo/styles.ts","statementMap":{"0":{"start":{"line":6,"column":27},"end":{"line":27,"column":1}},"1":{"start":{"line":7,"column":16},"end":{"line":9,"column":3}},"2":{"start":{"line":10,"column":15},"end":{"line":12,"column":3}},"3":{"start":{"line":13,"column":26},"end":{"line":26,"column":3}},"4":{"start":{"line":29,"column":23},"end":{"line":35,"column":1}},"5":{"start":{"line":30,"column":50},"end":{"line":34,"column":3}}},"fnMap":{"0":{"name":"(anonymous_0)","decl":{"start":{"line":7,"column":10},"end":{"line":7,"column":11}},"loc":{"start":{"line":7,"column":16},"end":{"line":9,"column":3}},"line":7},"1":{"name":"(anonymous_1)","decl":{"start":{"line":10,"column":9},"end":{"line":10,"column":10}},"loc":{"start":{"line":10,"column":15},"end":{"line":12,"column":3}},"line":10},"2":{"name":"(anonymous_2)","decl":{"start":{"line":13,"column":20},"end":{"line":13,"column":21}},"loc":{"start":{"line":13,"column":26},"end":{"line":26,"column":3}},"line":13},"3":{"name":"(anonymous_3)","decl":{"start":{"line":30,"column":4},"end":{"line":30,"column":5}},"loc":{"start":{"line":30,"column":50},"end":{"line":34,"column":3}},"line":30}},"branchMap":{"0":{"loc":{"start":{"line":32,"column":6},"end":{"line":32,"column":40}},"type":"binary-expr","locations":[{"start":{"line":32,"column":6},"end":{"line":32,"column":12}},{"start":{"line":32,"column":16},"end":{"line":32,"column":40}}],"line":32},"1":{"loc":{"start":{"line":33,"column":6},"end":{"line":33,"column":63}},"type":"binary-expr","locations":[{"start":{"line":33,"column":6},"end":{"line":33,"column":24}},{"start":{"line":33,"column":28},"end":{"line":33,"column":63}}],"line":33}},"s":{"0":7,"1":22,"2":2,"3":10,"4":7,"5":24},"f":{"0":22,"1":2,"2":10,"3":24},"b":{"0":[24,24],"1":[24,10]},"_coverageSchema":"1a1c01bbd47fc00a2c39e90264f33305004495a9","hash":"f2e55a80927b48261da57e2fbce9d20613702dec"},"/home/coderamos/GITHUB/YELLOW/ylw-games/src/components/Logo/index.tsx":{"path":"/home/coderamos/GITHUB/YELLOW/ylw-games/src/components/Logo/index.tsx","statementMap":{"0":{"start":{"line":12,"column":13},"end":{"line":91,"column":1}},"1":{"start":{"line":18,"column":2},"end":{"line":90,"column":14}}},"fnMap":{"0":{"name":"(anonymous_0)","decl":{"start":{"line":12,"column":13},"end":{"line":12,"column":14}},"loc":{"start":{"line":18,"column":2},"end":{"line":90,"column":14}},"line":18}},"branchMap":{"0":{"loc":{"start":{"line":13,"column":2},"end":{"line":13,"column":17}},"type":"default-arg","locations":[{"start":{"line":13,"column":10},"end":{"line":13,"column":17}}],"line":13},"1":{"loc":{"start":{"line":14,"column":2},"end":{"line":14,"column":26}},"type":"default-arg","locations":[{"start":{"line":14,"column":21},"end":{"line":14,"column":26}}],"line":14},"2":{"loc":{"start":{"line":15,"column":2},"end":{"line":15,"column":13}},"type":"default-arg","locations":[{"start":{"line":15,"column":7},"end":{"line":15,"column":13}}],"line":15},"3":{"loc":{"start":{"line":16,"column":2},"end":{"line":16,"column":17}},"type":"default-arg","locations":[{"start":{"line":16,"column":9},"end":{"line":16,"column":17}}],"line":16}},"s":{"0":7,"1":24},"f":{"0":24},"b":{"0":[15],"1":[14],"2":[21],"3":[22]},"_coverageSchema":"1a1c01bbd47fc00a2c39e90264f33305004495a9","hash":"87797ee36c8d3b5a0b6088b08eceaf052460b2a7"},"/home/coderamos/GITHUB/YELLOW/ylw-games/src/components/Footer/styles.ts":{"path":"/home/coderamos/GITHUB/YELLOW/ylw-games/src/components/Footer/styles.ts","statementMap":{"0":{"start":{"line":6,"column":23},"end":{"line":10,"column":1}},"1":{"start":{"line":12,"column":30},"end":{"line":22,"column":1}},"2":{"start":{"line":13,"column":19},"end":{"line":21,"column":3}},"3":{"start":{"line":24,"column":22},"end":{"line":38,"column":1}},"4":{"start":{"line":25,"column":19},"end":{"line":37,"column":3}},"5":{"start":{"line":40,"column":32},"end":{"line":48,"column":1}},"6":{"start":{"line":41,"column":19},"end":{"line":47,"column":3}}},"fnMap":{"0":{"name":"(anonymous_0)","decl":{"start":{"line":13,"column":4},"end":{"line":13,"column":5}},"loc":{"start":{"line":13,"column":19},"end":{"line":21,"column":3}},"line":13},"1":{"name":"(anonymous_1)","decl":{"start":{"line":25,"column":4},"end":{"line":25,"column":5}},"loc":{"start":{"line":25,"column":19},"end":{"line":37,"column":3}},"line":25},"2":{"name":"(anonymous_2)","decl":{"start":{"line":41,"column":4},"end":{"line":41,"column":5}},"loc":{"start":{"line":41,"column":19},"end":{"line":47,"column":3}},"line":41}},"branchMap":{},"s":{"0":4,"1":4,"2":7,"3":4,"4":28,"5":4,"6":7},"f":{"0":7,"1":28,"2":7},"b":{},"_coverageSchema":"1a1c01bbd47fc00a2c39e90264f33305004495a9","hash":"dad189058ba2ce98c27c10cd3f1ffd9fc42a4844"},"/home/coderamos/GITHUB/YELLOW/ylw-games/src/components/Footer/index.tsx":{"path":"/home/coderamos/GITHUB/YELLOW/ylw-games/src/components/Footer/index.tsx","statementMap":{"0":{"start":{"line":8,"column":15},"end":{"line":99,"column":1}},"1":{"start":{"line":9,"column":2},"end":{"line":98,"column":14}}},"fnMap":{"0":{"name":"(anonymous_0)","decl":{"start":{"line":8,"column":15},"end":{"line":8,"column":16}},"loc":{"start":{"line":9,"column":2},"end":{"line":98,"column":14}},"line":9}},"branchMap":{},"s":{"0":4,"1":7},"f":{"0":7},"b":{},"_coverageSchema":"1a1c01bbd47fc00a2c39e90264f33305004495a9","hash":"f7071fc8b41778e471f620d9a50def60919c4e2a"},"/home/coderamos/GITHUB/YELLOW/ylw-games/src/components/MediaMatch/index.tsx":{"path":"/home/coderamos/GITHUB/YELLOW/ylw-games/src/components/MediaMatch/index.tsx","statementMap":{"0":{"start":{"line":11,"column":28},"end":{"line":18,"column":1}},"1":{"start":{"line":12,"column":34},"end":{"line":14,"column":3}},"2":{"start":{"line":15,"column":37},"end":{"line":17,"column":3}},"3":{"start":{"line":21,"column":35},"end":{"line":26,"column":3}}},"fnMap":{"0":{"name":"(anonymous_0)","decl":{"start":{"line":12,"column":12},"end":{"line":12,"column":13}},"loc":{"start":{"line":12,"column":34},"end":{"line":14,"column":3}},"line":12},"1":{"name":"(anonymous_1)","decl":{"start":{"line":15,"column":15},"end":{"line":15,"column":16}},"loc":{"start":{"line":15,"column":37},"end":{"line":17,"column":3}},"line":15},"2":{"name":"(anonymous_2)","decl":{"start":{"line":21,"column":4},"end":{"line":21,"column":5}},"loc":{"start":{"line":21,"column":35},"end":{"line":26,"column":3}},"line":21}},"branchMap":{"0":{"loc":{"start":{"line":24,"column":6},"end":{"line":24,"column":58}},"type":"binary-expr","locations":[{"start":{"line":24,"column":6},"end":{"line":24,"column":16}},{"start":{"line":24,"column":20},"end":{"line":24,"column":58}}],"line":24},"1":{"loc":{"start":{"line":25,"column":6},"end":{"line":25,"column":67}},"type":"binary-expr","locations":[{"start":{"line":25,"column":6},"end":{"line":25,"column":19}},{"start":{"line":25,"column":23},"end":{"line":25,"column":67}}],"line":25}},"s":{"0":5,"1":11,"2":27,"3":38},"f":{"0":11,"1":27,"2":38},"b":{"0":[38,11],"1":[38,27]},"_coverageSchema":"1a1c01bbd47fc00a2c39e90264f33305004495a9","hash":"505d516dae5fd032dcc34f464224ca4d90791a6d"},"/home/coderamos/GITHUB/YELLOW/ylw-games/src/components/Menu/styles.ts":{"path":"/home/coderamos/GITHUB/YELLOW/ylw-games/src/components/Menu/styles.ts","statementMap":{"0":{"start":{"line":8,"column":23},"end":{"line":16,"column":1}},"1":{"start":{"line":9,"column":19},"end":{"line":15,"column":3}},"2":{"start":{"line":18,"column":27},"end":{"line":31,"column":1}},"3":{"start":{"line":19,"column":19},"end":{"line":30,"column":3}},"4":{"start":{"line":33,"column":27},"end":{"line":39,"column":1}},"5":{"start":{"line":41,"column":33},"end":{"line":52,"column":1}},"6":{"start":{"line":42,"column":19},"end":{"line":51,"column":3}},"7":{"start":{"line":54,"column":30},"end":{"line":105,"column":1}},"8":{"start":{"line":55,"column":27},"end":{"line":104,"column":3}},"9":{"start":{"line":107,"column":33},"end":{"line":113,"column":1}},"10":{"start":{"line":109,"column":21},"end":{"line":111,"column":5}},"11":{"start":{"line":115,"column":34},"end":{"line":146,"column":1}},"12":{"start":{"line":116,"column":19},"end":{"line":145,"column":3}},"13":{"start":{"line":148,"column":31},"end":{"line":161,"column":1}},"14":{"start":{"line":149,"column":19},"end":{"line":160,"column":3}},"15":{"start":{"line":163,"column":20},"end":{"line":163,"column":33}},"16":{"start":{"line":165,"column":33},"end":{"line":171,"column":1}},"17":{"start":{"line":166,"column":19},"end":{"line":170,"column":3}},"18":{"start":{"line":173,"column":36},"end":{"line":176,"column":1}}},"fnMap":{"0":{"name":"(anonymous_0)","decl":{"start":{"line":9,"column":4},"end":{"line":9,"column":5}},"loc":{"start":{"line":9,"column":19},"end":{"line":15,"column":3}},"line":9},"1":{"name":"(anonymous_1)","decl":{"start":{"line":19,"column":4},"end":{"line":19,"column":5}},"loc":{"start":{"line":19,"column":19},"end":{"line":30,"column":3}},"line":19},"2":{"name":"(anonymous_2)","decl":{"start":{"line":42,"column":4},"end":{"line":42,"column":5}},"loc":{"start":{"line":42,"column":19},"end":{"line":51,"column":3}},"line":42},"3":{"name":"(anonymous_3)","decl":{"start":{"line":55,"column":4},"end":{"line":55,"column":5}},"loc":{"start":{"line":55,"column":27},"end":{"line":104,"column":3}},"line":55},"4":{"name":"(anonymous_4)","decl":{"start":{"line":109,"column":6},"end":{"line":109,"column":7}},"loc":{"start":{"line":109,"column":21},"end":{"line":111,"column":5}},"line":109},"5":{"name":"(anonymous_5)","decl":{"start":{"line":116,"column":4},"end":{"line":116,"column":5}},"loc":{"start":{"line":116,"column":19},"end":{"line":145,"column":3}},"line":116},"6":{"name":"(anonymous_6)","decl":{"start":{"line":149,"column":4},"end":{"line":149,"column":5}},"loc":{"start":{"line":149,"column":19},"end":{"line":160,"column":3}},"line":149},"7":{"name":"(anonymous_7)","decl":{"start":{"line":166,"column":4},"end":{"line":166,"column":5}},"loc":{"start":{"line":166,"column":19},"end":{"line":170,"column":3}},"line":166}},"branchMap":{"0":{"loc":{"start":{"line":63,"column":15},"end":{"line":63,"column":29}},"type":"cond-expr","locations":[{"start":{"line":63,"column":24},"end":{"line":63,"column":25}},{"start":{"line":63,"column":28},"end":{"line":63,"column":29}}],"line":63},"1":{"loc":{"start":{"line":65,"column":22},"end":{"line":65,"column":45}},"type":"cond-expr","locations":[{"start":{"line":65,"column":31},"end":{"line":65,"column":36}},{"start":{"line":65,"column":39},"end":{"line":65,"column":45}}],"line":65},"2":{"loc":{"start":{"line":96,"column":19},"end":{"line":96,"column":64}},"type":"cond-expr","locations":[{"start":{"line":96,"column":28},"end":{"line":96,"column":43}},{"start":{"line":96,"column":46},"end":{"line":96,"column":64}}],"line":96},"3":{"loc":{"start":{"line":101,"column":19},"end":{"line":101,"column":64}},"type":"cond-expr","locations":[{"start":{"line":101,"column":28},"end":{"line":101,"column":43}},{"start":{"line":101,"column":46},"end":{"line":101,"column":64}}],"line":101}},"s":{"0":3,"1":9,"2":3,"3":27,"4":3,"5":3,"6":9,"7":3,"8":9,"9":3,"10":18,"11":3,"12":38,"13":3,"14":8,"15":3,"16":3,"17":8,"18":3},"f":{"0":9,"1":27,"2":9,"3":9,"4":18,"5":38,"6":8,"7":8},"b":{"0":[1,8],"1":[1,8],"2":[1,8],"3":[1,8]},"_coverageSchema":"1a1c01bbd47fc00a2c39e90264f33305004495a9","hash":"2968b18b6583e8c3f17565a2ef8cd0241c216d47"},"/home/coderamos/GITHUB/YELLOW/ylw-games/src/components/Menu/index.tsx":{"path":"/home/coderamos/GITHUB/YELLOW/ylw-games/src/components/Menu/index.tsx","statementMap":{"0":{"start":{"line":19,"column":13},"end":{"line":113,"column":1}},"1":{"start":{"line":20,"column":30},"end":{"line":20,"column":45}},"2":{"start":{"line":21,"column":2},"end":{"line":112,"column":4}},"3":{"start":{"line":24,"column":38},"end":{"line":24,"column":53}},"4":{"start":{"line":71,"column":58},"end":{"line":71,"column":74}}},"fnMap":{"0":{"name":"(anonymous_0)","decl":{"start":{"line":19,"column":13},"end":{"line":19,"column":14}},"loc":{"start":{"line":19,"column":42},"end":{"line":113,"column":1}},"line":19},"1":{"name":"(anonymous_1)","decl":{"start":{"line":24,"column":32},"end":{"line":24,"column":33}},"loc":{"start":{"line":24,"column":38},"end":{"line":24,"column":53}},"line":24},"2":{"name":"(anonymous_2)","decl":{"start":{"line":71,"column":52},"end":{"line":71,"column":53}},"loc":{"start":{"line":71,"column":58},"end":{"line":71,"column":74}},"line":71}},"branchMap":{"0":{"loc":{"start":{"line":61,"column":9},"end":{"line":67,"column":9}},"type":"binary-expr","locations":[{"start":{"line":61,"column":9},"end":{"line":61,"column":18}},{"start":{"line":62,"column":10},"end":{"line":66,"column":23}}],"line":61},"1":{"loc":{"start":{"line":80,"column":11},"end":{"line":89,"column":11}},"type":"binary-expr","locations":[{"start":{"line":80,"column":11},"end":{"line":80,"column":21}},{"start":{"line":81,"column":12},"end":{"line":88,"column":37}}],"line":80},"2":{"loc":{"start":{"line":92,"column":9},"end":{"line":109,"column":9}},"type":"binary-expr","locations":[{"start":{"line":92,"column":9},"end":{"line":92,"column":18}},{"start":{"line":93,"
[...]
{"line":22,"column":13},"end":{"line":22,"column":15}}],"line":22},"2":{"loc":{"start":{"line":28,"column":4},"end":{"line":28,"column":31}},"type":"binary-expr","locations":[{"start":{"line":28,"column":4},"end":{"line":28,"column":13}},{"start":{"line":28,"column":17},"end":{"line":28,"column":31}}],"line":28},"3":{"loc":{"start":{"line":40,"column":7},"end":{"line":44,"column":7}},"type":"binary-expr","locations":[{"start":{"line":40,"column":7},"end":{"line":40,"column":14}},{"start":{"line":41,"column":8},"end":{"line":43,"column":18}}],"line":40}},"s":{"0":2,"1":17,"2":3,"3":17},"f":{"0":17,"1":3},"b":{"0":[5],"1":[14],"2":[3,3],"3":[17,4]},"_coverageSchema":"1a1c01bbd47fc00a2c39e90264f33305004495a9","hash":"1df3a13dd7f7e4aa8b6448f796b84b31b466f25c"},"/home/coderamos/GITHUB/YELLOW/ylw-games/src/components/PaymentOptions/styles.ts":{"path":"/home/coderamos/GITHUB/YELLOW/ylw-games/src/components/PaymentOptions/styles.ts","statementMap":{"0":{"start":{"line":6,"column":23},"end":{"line":15,"column":1}},"1":{"start":{"line":6,"column":48},"end":{"line":15,"column":1}},"2":{"start":{"line":17,"column":23},"end":{"line":21,"column":1}},"3":{"start":{"line":18,"column":19},"end":{"line":20,"column":3}},"4":{"start":{"line":23,"column":28},"end":{"line":27,"column":1}},"5":{"start":{"line":24,"column":19},"end":{"line":26,"column":3}},"6":{"start":{"line":29,"column":28},"end":{"line":44,"column":1}},"7":{"start":{"line":30,"column":19},"end":{"line":43,"column":3}},"8":{"start":{"line":46,"column":31},"end":{"line":49,"column":1}},"9":{"start":{"line":51,"column":24},"end":{"line":60,"column":1}},"10":{"start":{"line":52,"column":19},"end":{"line":59,"column":3}},"11":{"start":{"line":62,"column":24},"end":{"line":71,"column":1}},"12":{"start":{"line":63,"column":19},"end":{"line":70,"column":3}},"13":{"start":{"line":73,"column":30},"end":{"line":85,"column":1}},"14":{"start":{"line":76,"column":19},"end":{"line":84,"column":3}}},"fnMap":{"0":{"name":"(anonymous_0)","decl":{"start":{"line":6,"column":23},"end":{"line":6,"column":24}},"loc":{"start":{"line":6,"column":48},"end":{"line":15,"column":1}},"line":6},"1":{"name":"(anonymous_1)","decl":{"start":{"line":18,"column":4},"end":{"line":18,"column":5}},"loc":{"start":{"line":18,"column":19},"end":{"line":20,"column":3}},"line":18},"2":{"name":"(anonymous_2)","decl":{"start":{"line":24,"column":4},"end":{"line":24,"column":5}},"loc":{"start":{"line":24,"column":19},"end":{"line":26,"column":3}},"line":24},"3":{"name":"(anonymous_3)","decl":{"start":{"line":30,"column":4},"end":{"line":30,"column":5}},"loc":{"start":{"line":30,"column":19},"end":{"line":43,"column":3}},"line":30},"4":{"name":"(anonymous_4)","decl":{"start":{"line":52,"column":4},"end":{"line":52,"column":5}},"loc":{"start":{"line":52,"column":19},"end":{"line":59,"column":3}},"line":52},"5":{"name":"(anonymous_5)","decl":{"start":{"line":63,"column":4},"end":{"line":63,"column":5}},"loc":{"start":{"line":63,"column":19},"end":{"line":70,"column":3}},"line":63},"6":{"name":"(anonymous_6)","decl":{"start":{"line":76,"column":4},"end":{"line":76,"column":5}},"loc":{"start":{"line":76,"column":19},"end":{"line":84,"column":3}},"line":76}},"branchMap":{},"s":{"0":1,"1":18,"2":1,"3":6,"4":1,"5":6,"6":1,"7":6,"8":1,"9":1,"10":12,"11":1,"12":12,"13":1,"14":6},"f":{"0":18,"1":6,"2":6,"3":6,"4":12,"5":12,"6":6},"b":{},"_coverageSchema":"1a1c01bbd47fc00a2c39e90264f33305004495a9","hash":"3378a932abcac888dbd8517ad8a945fdfec83a14"},"/home/coderamos/GITHUB/YELLOW/ylw-games/src/components/PaymentOptions/index.tsx":{"path":"/home/coderamos/GITHUB/YELLOW/ylw-games/src/components/PaymentOptions/index.tsx","statementMap":{"0":{"start":{"line":26,"column":23},"end":{"line":83,"column":1}},"1":{"start":{"line":31,"column":32},"end":{"line":31,"column":47}},"2":{"start":{"line":32,"column":2},"end":{"line":82,"column":4}},"3":{"start":{"line":47,"column":14},"end":{"line":59,"column":27}},"4":{"start":{"line":57,"column":33},"end":{"line":57,"column":49}}},"fnMap":{"0":{"name":"(anonymous_0)","decl":{"start":{"line":26,"column":23},"end":{"line":26,"column":24}},"loc":{"start":{"line":30,"column":27},"end":{"line":83,"column":1}},"line":30},"1":{"name":"(anonymous_1)","decl":{"start":{"line":46,"column":29},"end":{"line":46,"column":30}},"loc":{"start":{"line":47,"column":14},"end":{"line":59,"column":27}},"line":47},"2":{"name":"(anonymous_2)","decl":{"start":{"line":57,"column":27},"end":{"line":57,"column":28}},"loc":{"start":{"line":57,"column":33},"end":{"line":57,"column":49}},"line":57}},"branchMap":{"0":{"loc":{"start":{"line":27,"column":2},"end":{"line":27,"column":26}},"type":"default-arg","locations":[{"start":{"line":27,"column":17},"end":{"line":27,"column":26}}],"line":27},"1":{"loc":{"start":{"line":45,"column":11},"end":{"line":60,"column":14}},"type":"binary-expr","locations":[{"start":{"line":45,"column":11},"end":{"line":45,"column":23}},{"start":{"line":46,"column":12},"end":{"line":60,"column":14}}],"line":45}},"s":{"0":1,"1":6,"2":6,"3":12,"4":2},"f":{"0":6,"1":12,"2":2},"b":{"0":[6],"1":[6,6]},"_coverageSchema":"1a1c01bbd47fc00a2c39e90264f33305004495a9","hash":"d3f64fb3af554863b2ca8d92bd51a10b17059bfd"},"/home/coderamos/GITHUB/YELLOW/ylw-games/src/components/GameItem/styles.ts":{"path":"/home/coderamos/GITHUB/YELLOW/ylw-games/src/components/GameItem/styles.ts","statementMap":{"0":{"start":{"line":4,"column":23},"end":{"line":13,"column":1}},"1":{"start":{"line":5,"column":19},"end":{"line":12,"column":3}},"2":{"start":{"line":15,"column":30},"end":{"line":17,"column":1}},"3":{"start":{"line":19,"column":28},"end":{"line":38,"column":1}},"4":{"start":{"line":20,"column":19},"end":{"line":37,"column":3}},"5":{"start":{"line":40,"column":27},"end":{"line":46,"column":1}},"6":{"start":{"line":41,"column":10},"end":{"line":45,"column":3}},"7":{"start":{"line":48,"column":25},"end":{"line":61,"column":1}},"8":{"start":{"line":49,"column":19},"end":{"line":60,"column":3}},"9":{"start":{"line":63,"column":28},"end":{"line":72,"column":1}},"10":{"start":{"line":64,"column":19},"end":{"line":71,"column":3}},"11":{"start":{"line":74,"column":25},"end":{"line":83,"column":1}},"12":{"start":{"line":75,"column":19},"end":{"line":82,"column":3}},"13":{"start":{"line":85,"column":37},"end":{"line":102,"column":1}},"14":{"start":{"line":86,"column":19},"end":{"line":101,"column":3}},"15":{"start":{"line":104,"column":27},"end":{"line":117,"column":1}},"16":{"start":{"line":105,"column":19},"end":{"line":116,"column":3}}},"fnMap":{"0":{"name":"(anonymous_0)","decl":{"start":{"line":5,"column":4},"end":{"line":5,"column":5}},"loc":{"start":{"line":5,"column":19},"end":{"line":12,"column":3}},"line":5},"1":{"name":"(anonymous_1)","decl":{"start":{"line":20,"column":4},"end":{"line":20,"column":5}},"loc":{"start":{"line":20,"column":19},"end":{"line":37,"column":3}},"line":20},"2":{"name":"(anonymous_2)","decl":{"start":{"line":41,"column":4},"end":{"line":41,"column":5}},"loc":{"start":{"line":41,"column":10},"end":{"line":45,"column":3}},"line":41},"3":{"name":"(anonymous_3)","decl":{"start":{"line":49,"column":4},"end":{"line":49,"column":5}},"loc":{"start":{"line":49,"column":19},"end":{"line":60,"column":3}},"line":49},"4":{"name":"(anonymous_4)","decl":{"start":{"line":64,"column":4},"end":{"line":64,"column":5}},"loc":{"start":{"line":64,"column":19},"end":{"line":71,"column":3}},"line":64},"5":{"name":"(anonymous_5)","decl":{"start":{"line":75,"column":4},"end":{"line":75,"column":5}},"loc":{"start":{"line":75,"column":19},"end":{"line":82,"column":3}},"line":75},"6":{"name":"(anonymous_6)","decl":{"start":{"line":86,"column":4},"end":{"line":86,"column":5}},"loc":{"start":{"line":86,"column":19},"end":{"line":101,"column":3}},"line":86},"7":{"name":"(anonymous_7)","decl":{"start":{"line":105,"column":4},"end":{"line":105,"column":5}},"loc":{"start":{"line":105,"column":19},"end":{"line":116,"column":3}},"line":105}},"branchMap":{},"s":{"0":2,"1":6,"2":2,"3":2,"4":6,"5":2,"6":6,"7":2,"8":6,"9":2,"10":1,"11":2,"12":6,"13":2,"14":1,"15":2,"16":1},"f":{"0":6,"1":6,"2":6,"3":6,"4":1,"5":6,"6":1,"7":1},"b":{},"_coverageSchema":"1a1c01bbd47fc00a2c39e90264f33305004495a9","hash":"6785119531bf3465ed1a43f6c94f2fdeb4978e29"},"/home/coderamos/GITHUB/YELLOW/ylw-games/src/components/GameItem/index.tsx":{"path":"/home/coderamos/GITHUB/YELLOW/ylw-games/src/components/GameItem/index.tsx","statementMap":{"0":{"start":{"line":20,"column":17},"end":{"line":60,"column":1}},"1":{"start":{"line":27,"column":2},"end":{"line":59,"column":14}}},"fnMap":{"0":{"name":"(anonymous_0)","decl":{"start":{"line":20,"column":17},"end":{"line":20,"column":18}},"loc":{"start":{"line":27,"column":2},"end":{"line":59,"column":14}},"line":27}},"branchMap":{"0":{"loc":{"start":{"line":36,"column":11},"end":{"line":44,"column":11}},"type":"binary-expr","locations":[{"start":{"line":36,"column":11},"end":{"line":36,"column":25}},{"start":{"line":37,"column":12},"end":{"line":43,"column":29}}],"line":36},"1":{"loc":{"start":{"line":50,"column":5},"end":{"line":58,"column":5}},"type":"binary-expr","locations":[{"start":{"line":50,"column":5},"end":{"line":50,"column":18}},{"start":{"line":51,"column":6},"end":{"line":57,"column":32}}],"line":50}},"s":{"0":2,"1":6},"f":{"0":6},"b":{"0":[6,1],"1":[6,1]},"_coverageSchema":"1a1c01bbd47fc00a2c39e90264f33305004495a9","hash":"ac070b43e0ecf96d94232836d308c5d6e175191d"},"/home/coderamos/GITHUB/YELLOW/ylw-games/src/components/Checkbox/styles.ts":{"path":"/home/coderamos/GITHUB/YELLOW/ylw-games/src/components/Checkbox/styles.ts","statementMap":{"0":{"start":{"line":7,"column":23},"end":{"line":10,"column":1}},"1":{"start":{"line":12,"column":21},"end":{"line":57,"column":1}},"2":{"start":{"line":13,"column":31},"end":{"line":56,"column":3}},"3":{"start":{"line":59,"column":21},"end":{"line":65,"column":1}},"4":{"start":{"line":60,"column":31},"end":{"line":64,"column":3}}},"fnMap":{"0":{"name":"(anonymous_0)","decl":{"start":{"line":13,"column":4},"end":{"line":13,"column":5}},"loc":{"start":{"line":13,"column":31},"end":{"line":56,"column":3}},"line":13},"1":{"name":"(anonymous_1)","decl":{"start":{"line":60,"column":4},"end":{"line":60,"column":5}},"loc":{"start":{"line":60,"column":31},"end":{"line":64,"column":3}},"line":60}},"branchMap":{"0":{"loc":{"start":{"line":32,"column":10},"end":{"line":34,"column":34}},"type":"cond-expr","locations":[{"start":{"line":33,"column":12},"end":{"line":33,"column":30}},{"start":{"line":34,"column":12},"end":{"line":34,"column":34}}],"line":32}},"s":{"0":1,"1":1,"2":8,"3":1,"4":7},"f":{"0":8,"1":7},"b":{"0":[0,8]},"_coverageSchema":"1a1c01bbd47fc00a2c39e90264f33305004495a9","hash":"4af2e7acdf50ec0c7839e13679ece8f9018c5dc6"},"/home/coderamos/GITHUB/YELLOW/ylw-games/src/components/Checkbox/index.tsx":{"path":"/home/coderamos/GITHUB/YELLOW/ylw-games/src/components/Checkbox/index.tsx","statementMap":{"0":{"start":{"line":17,"column":17},"end":{"line":53,"column":1}},"1":{"start":{"line":27,"column":32},"end":{"line":27,"column":58}},"2":{"start":{"line":29,"column":19},"end":{"line":33,"column":3}},"3":{"start":{"line":30,"column":19},"end":{"line":30,"column":27}},"4":{"start":{"line":31,"column":4},"end":{"line":31,"column":23}},"5":{"start":{"line":32,"column":4},"end":{"line":32,"column":33}},"6":{"start":{"line":35,"column":2},"end":{"line":52,"column":4}}},"fnMap":{"0":{"name":"(anonymous_0)","decl":{"start":{"line":17,"column":17},"end":{"line":17,"column":18}},"loc":{"start":{"line":26,"column":21},"end":{"line":53,"column":1}},"line":26},"1":{"name":"(anonymous_1)","decl":{"start":{"line":29,"column":19},"end":{"line":29,"column":20}},"loc":{"start":{"line":29,"column":25},"end":{"line":33,"column":3}},"line":29}},"branchMap":{"0":{"loc":{"start":{"line":19,"column":2},"end":{"line":19,"column":15}},"type":"default-arg","locations":[{"start":{"line":19,"column":13},"end":{"line":19,"column":15}}],"line":19},"1":{"loc":{"start":{"line":20,"column":2},"end":{"line":20,"column":22}},"type":"default-arg","locations":[{"start":{"line":20,"column":15},"end":{"line":20,"column":22}}],"line":20},"2":{"loc":{"start":{"line":21,"column":2},"end":{"line":21,"column":24}},"type":"default-arg","locations":[{"start":{"line":21,"column":15},"end":{"line":21,"column":24}}],"line":21},"3":{"loc":{"start":{"line":22,"column":2},"end":{"line":22,"column":26}},"type":"default-arg","locations":[{"start":{"line":22,"column":21},"end":{"line":22,"column":26}}],"line":22},"4":{"loc":{"start":{"line":32,"column":4},"end":{"line":32,"column":32}},"type":"binary-expr","locations":[{"start":{"line":32,"column":4},"end":{"line":32,"column":13}},{"start":{"line":32,"column":17},"end":{"line":32,"column":32}}],"line":32},"5":{"loc":{"start":{"line":46,"column":7},"end":{"line":50,"column":7}},"type":"binary-expr","locations":[{"start":{"line":46,"column":7},"end":{"line":46,"column":12}},{"start":{"line":47,"column":8},"end":{"line":49,"column":18}}],"line":46}},"s":{"0":1,"1":8,"2":8,"3":2,"4":2,"5":2,"6":8},"f":{"0":8,"1":2},"b":{"0":[5],"1":[7],"2":[8],"3":[6],"4":[2,2],"5":[8,7]},"_coverageSchema":"1a1c01bbd47fc00a2c39e90264f33305004495a9","hash":"a83dc67fbca1eb9bce21448ed4647fcdc483a274"},"/home/coderamos/GITHUB/YELLOW/ylw-games/src/templates/Home/styles.ts":{"path":"/home/coderamos/GITHUB/YELLOW/ylw-games/src/templates/Home/styles.ts","statementMap":{"0":{"start":{"line":7,"column":29},"end":{"line":17,"column":1}},"1":{"start":{"line":8,"column":19},"end":{"line":16,"column":3}},"2":{"start":{"line":19,"column":27},"end":{"line":41,"column":1}},"3":{"start":{"line":20,"column":19},"end":{"line":40,"column":3}},"4":{"start":{"line":43,"column":31},"end":{"line":49,"column":1}},"5":{"start":{"line":44,"column":19},"end":{"line":48,"column":3}}},"fnMap":{"0":{"name":"(anonymous_0)","decl":{"start":{"line":8,"column":4},"end":{"line":8,"column":5}},"loc":{"start":{"line":8,"column":19},"end":{"line":16,"column":3}},"line":8},"1":{"name":"(anonymous_1)","decl":{"start":{"line":20,"column":4},"end":{"line":20,"column":5}},"loc":{"start":{"line":20,"column":19},"end":{"line":40,"column":3}},"line":20},"2":{"name":"(anonymous_2)","decl":{"start":{"line":44,"column":4},"end":{"line":44,"column":5}},"loc":{"start":{"line":44,"column":19},"end":{"line":48,"column":3}},"line":44}},"branchMap":{},"s":{"0":1,"1":1,"2":1,"3":1,"4":1,"5":1},"f":{"0":1,"1":1,"2":1},"b":{},"_coverageSchema":"1a1c01bbd47fc00a2c39e90264f33305004495a9","hash":"5a39b2c54f08ac015d5fa103c576ca127f770b5a"},"/home/coderamos/GITHUB/YELLOW/ylw-games/src/templates/Home/index.tsx":{"path":"/home/coderamos/GITHUB/YELLOW/ylw-games/src/templates/Home/index.tsx","statementMap":{"0":{"start":{"line":24,"column":13},"end":{"line":59,"column":1}},"1":{"start":{"line":35,"column":2},"end":{"line":58,"column":9}}},"fnMap":{"0":{"name":"(anonymous_0)","decl":{"start":{"line":24,"column":13},"end":{"line":24,"column":14}},"loc":{"start":{"line":35,"column":2},"end":{"line":58,"column":9}},"line":35}},"branchMap":{},"s":{"0":1,"1":1},"f":{"0":1},"b":{},"_coverageSchema":"1a1c01bbd47fc00a2c39e90264f33305004495a9","hash":"6d6d612f8149d2cdd7fa4eed1812ca638ea1df67"},"/home/coderamos/GITHUB/YELLOW/ylw-games/src/components/CartList/styles.ts":{"path":"/home/coderamos/GITHUB/YELLOW/ylw-games/src/components/CartList/styles.ts","statementMap":{"0":{"start":{"line":5,"column":23},"end":{"line":12,"column":1}},"1":{"start":{"line":6,"column":19},"end":{"line":11,"column":3}},"2":{"start":{"line":14,"column":26},"end":{"line":29,"column":1}},"3":{"start":{"line":15,"column":19},"end":{"line":28,"column":3}},"4":{"start":{"line":31,"column":25},"end":{"line":35,"column":1}},"5":{"start":{"line":32,"column":19},"end":{"line":34,"column":3}}},"fnMap":{"0":{"name":"(anonymous_0)","decl":{"start":{"line":6,"column":4},"end":{"line":6,"column":5}},"loc":{"start":{"line":6,"column":19},"end":{"line":11,"column":3}},"line":6},"1":{"name":"(anonymous_1)","decl":{"start":{"line":15,"column":4},"end":{"line":15,"column":5}},"loc":{"start":{"line":15,"column":19},"end":{"line":28,"column":3}},"line":15},"2":{"name":"(anonymous_2)","decl":{"start":{"line":32,"column":4},"end":{"line":32,"column":5}},"loc":{"start":{"line":32,"column":19},"end":{"line":34,"column":3}},"line":32}},"branchMap":{},"s":{"0":1,"1":1,"2":1,"3":1,"4":1,"5":1},"f":{"0":1,"1":1,"2":1},"b":{},"_coverageSchema":"1a1c01bbd47fc00a2c39e90264f33305004495a9","hash":"4734b2f080c4c78836b4a472d084aca5a8b98bc9"},"/home/coderamos/GITHUB/YELLOW/ylw-games/src/components/CartList/index.tsx":{"path":"/home/coderamos/GITHUB/YELLOW/ylw-games/src/components/CartList/index.tsx","statementMap":{"0":{"start":{"line":10,"column":17},"end":{"line":20,"column":1}},"1":{"start":{"line":11,"column":2},"end":{"line":19,"column":14}},"2":{"start":{"line":13,"column":6},"end":{"line":13,"column":45}}},"fnMap":{"0":{"name":"(anonymous_0)","decl":{"start":{"line":10,"column":17},"end":{"line":10,"column":18}},"loc":{"start":{"line":11,"column":2},"end":{"line":19,"column":14}},"line":11},"1":{"name":"(anonymous_1)","decl":{"start":{"line":12,"column":15},"end":{"line":12,"column":16}},"loc":{"start":{"line":13,"column":6},"end":{"line":13,"column":45}},"line":13}},"branchMap":{},"s":{"0":1,"1":1,"2":3},"f":{"0":1,"1":3},"b":{},"_coverageSchema":"1a1c01bbd47fc00a2c39e90264f33305004495a9","hash":"7b6824ea74a189b5bca27105f59b709b33c25558"},"/home/coderamos/GITHUB/YELLOW/ylw-games/src/templates/Cart/styles.ts":{"path":"/home/coderamos/GITHUB/YELLOW/ylw-games/src/templates/Cart/styles.ts","statementMap":{"0":{"start":{"line":4,"column":23},"end":{"line":15,"column":1}},"1":{"start":{"line":5,"column":19},"end":{"line":14,"column":3}}},"fnMap":{"0":{"name":"(anonymous_0)","decl":{"start":{"line":5,"column":4},"end":{"line":5,"column":5}},"loc":{"start":{"line":5,"column":19},"end":{"line":14,"column":3}},"line":5}},"branchMap":{},"s":{"0":1,"1":1},"f":{"0":1},"b":{},"_coverageSchema":"1a1c01bbd47fc00a2c39e90264f33305004495a9","hash":"3275d85710dee9cb3a2cfa5dd9419f0a9499dd89"},"/home/coderamos/GITHUB/YELLOW/ylw-games/src/templates/Cart/index.tsx":{"path":"/home/coderamos/GITHUB/YELLOW/ylw-games/src/templates/Cart/index.tsx","statementMap":{"0":{"start":{"line":20,"column":13},"end":{"line":60,"column":1}},"1":{"start":{"line":27,"column":24},"end":{"line":27,"column":34}},"2":{"start":{"line":27,"column":31},"end":{"line":27,"column":33}},"3":{"start":{"line":29,"column":2},"end":{"line":59,"column":4}}},"fnMap":{"0":{"name":"(anonymous_0)","decl":{"start":{"line":20,"column":13},"end":{"line":20,"column":14}},"loc":{"start":{"line":26,"column":25},"end":{"line":60,"column":1}},"line":26},"1":{"name":"(anonymous_1)","decl":{"start":{"line":27,"column":24},"end":{"line":27,"column":25}},"loc":{"start":{"line":27,"column":31},"end":{"line":27,"column":33}},"line":27}},"branchMap":{"0":{"loc":{"start":{"line":34,"column":9},"end":{"line":49,"column":9}},"type":"cond-expr","locations":[{"start":{"line":35,"column":10},"end":{"line":42,"column":22}},{"start":{"line":44,"column":10},"end":{"line":48,"column":12}}],"line":34}},"s":{"0":1,"1":2,"2":0,"3":2},"f":{"0":2,"1":0},"b":{"0":[1,1]},"_coverageSchema":"1a1c01bbd47fc00a2c39e90264f33305004495a9","hash":"ccda9bf45809480f4fbf9c36d900560717b6ae39"},"/home/coderamos/GITHUB/YELLOW/ylw-games/src/types/styles-components.d.ts":{"path":"/home/coderamos/GITHUB/YELLOW/ylw-games/src/types/styles-components.d.ts","statementMap":{},"fnMap":{},"branchMap":{},"s":{},"f":{},"b":{}},"/home/coderamos/GITHUB/YELLOW/ylw-games/src/types/jest-styled-components.d.ts":{"path":"/home/coderamos/GITHUB/YELLOW/ylw-games/src/types/jest-styled-components.d.ts","statementMap":{},"fnMap":{},"branchMap":{},"s":{},"f":{},"b":{}},"/home/coderamos/GITHUB/YELLOW/ylw-games/src/types/global.ts":{"path":"/home/coderamos/GITHUB/YELLOW/ylw-games/src/types/global.ts","statementMap":{},"fnMap":{},"branchMap":{},"s":{},"f":{},"b":{}}}}